Determining if the pthread_create exist failed with the following output:
Change Dir: /home/jungpin/catkin_ws/src/sim_ws/build/turtlebot_rviz_launchers/CMakeFiles/CMakeTmp

Run Build Command:"/usr/bin/make" "cmTC_bf6cb/fast"
/usr/bin/make -f CMakeFiles/cmTC_bf6cb.dir/build.make CMakeFiles/cmTC_bf6cb.dir/build
make[1]: 디렉터리 '/home/jungpin/catkin_ws/src/sim_ws/build/turtlebot_rviz_launchers/CMakeFiles/CMakeTmp' 들어감
Building C object CMakeFiles/cmTC_bf6cb.dir/CheckSymbolExists.c.o
/usr/bin/cc    -o CMakeFiles/cmTC_bf6cb.dir/CheckSymbolExists.c.o   -c /home/jungpin/catkin_ws/src/sim_ws/build/turtlebot_rviz_launchers/CMakeFiles/CMakeTmp/CheckSymbolExists.c
Linking C executable cmTC_bf6cb
/usr/bin/cmake -E cmake_link_script CMakeFiles/cmTC_bf6cb.dir/link.txt --verbose=1
/usr/bin/cc      -rdynamic CMakeFiles/cmTC_bf6cb.dir/CheckSymbolExists.c.o  -o cmTC_bf6cb 
CMakeFiles/cmTC_bf6cb.dir/CheckSymbolExists.c.o: In function `main':
CheckSymbolExists.c:(.text+0x1b): undefined reference to `pthread_create'
collect2: error: ld returned 1 exit status
CMakeFiles/cmTC_bf6cb.dir/build.make:97: recipe for target 'cmTC_bf6cb' failed
make[1]: *** [cmTC_bf6cb] Error 1
make[1]: 디렉터리 '/home/jungpin/catkin_ws/src/sim_ws/build/turtlebot_rviz_launchers/CMakeFiles/CMakeTmp' 나감
Makefile:126: recipe for target 'cmTC_bf6cb/fast' failed
make: *** [cmTC_bf6cb/fast] Error 2

File /home/jungpin/catkin_ws/src/sim_ws/build/turtlebot_rviz_launchers/CMakeFiles/CMakeTmp/CheckSymbolExists.c:
/* */
#include <pthread.h>

int main(int argc, char** argv)
{
  (void)argv;
#ifndef pthread_create
  return ((int*)(&pthread_create))[argc];
#else
  (void)argc;
  return 0;
#endif
}

Determining if the function pthread_create exists in the pthreads failed with the following output:
Change Dir: /home/jungpin/catkin_ws/src/sim_ws/build/turtlebot_rviz_launchers/CMakeFiles/CMakeTmp

Run Build Command:"/usr/bin/make" "cmTC_6a75d/fast"
/usr/bin/make -f CMakeFiles/cmTC_6a75d.dir/build.make CMakeFiles/cmTC_6a75d.dir/build
make[1]: 디렉터리 '/home/jungpin/catkin_ws/src/sim_ws/build/turtlebot_rviz_launchers/CMakeFiles/CMakeTmp' 들어감
Building C object CMakeFiles/cmTC_6a75d.dir/CheckFunctionExists.c.o
/usr/bin/cc   -DCHECK_FUNCTION_EXISTS=pthread_create   -o CMakeFiles/cmTC_6a75d.dir/CheckFunctionExists.c.o   -c /usr/share/cmake-3.10/Modules/CheckFunctionExists.c
Linking C executable cmTC_6a75d
/usr/bin/cmake -E cmake_link_script CMakeFiles/cmTC_6a75d.dir/link.txt --verbose=1
/usr/bin/cc  -DCHECK_FUNCTION_EXISTS=pthread_create    -rdynamic CMakeFiles/cmTC_6a75d.dir/CheckFunctionExists.c.o  -o cmTC_6a75d -lpthreads 
/usr/bin/ld: cannot find -lpthreads
collect2: error: ld returned 1 exit status
CMakeFiles/cmTC_6a75d.dir/build.make:97: recipe for target 'cmTC_6a75d' failed
make[1]: *** [cmTC_6a75d] Error 1
make[1]: 디렉터리 '/home/jungpin/catkin_ws/src/sim_ws/build/turtlebot_rviz_launchers/CMakeFiles/CMakeTmp' 나감
Makefile:126: recipe for target 'cmTC_6a75d/fast' failed
make: *** [cmTC_6a75d/fast] Error 2


