Determining if the pthread_create exist failed with the following output:
Change Dir: /home/jungpin/catkin_ws/src/sim_ws/build/open_manipulator_gazebo/CMakeFiles/CMakeTmp

Run Build Command:"/usr/bin/make" "cmTC_05dfb/fast"
/usr/bin/make -f CMakeFiles/cmTC_05dfb.dir/build.make CMakeFiles/cmTC_05dfb.dir/build
make[1]: 디렉터리 '/home/jungpin/catkin_ws/src/sim_ws/build/open_manipulator_gazebo/CMakeFiles/CMakeTmp' 들어감
Building C object CMakeFiles/cmTC_05dfb.dir/CheckSymbolExists.c.o
/usr/bin/cc    -o CMakeFiles/cmTC_05dfb.dir/CheckSymbolExists.c.o   -c /home/jungpin/catkin_ws/src/sim_ws/build/open_manipulator_gazebo/CMakeFiles/CMakeTmp/CheckSymbolExists.c
Linking C executable cmTC_05dfb
/usr/bin/cmake -E cmake_link_script CMakeFiles/cmTC_05dfb.dir/link.txt --verbose=1
/usr/bin/cc      -rdynamic CMakeFiles/cmTC_05dfb.dir/CheckSymbolExists.c.o  -o cmTC_05dfb 
CMakeFiles/cmTC_05dfb.dir/CheckSymbolExists.c.o: In function `main':
CheckSymbolExists.c:(.text+0x1b): undefined reference to `pthread_create'
collect2: error: ld returned 1 exit status
CMakeFiles/cmTC_05dfb.dir/build.make:97: recipe for target 'cmTC_05dfb' failed
make[1]: *** [cmTC_05dfb] Error 1
make[1]: 디렉터리 '/home/jungpin/catkin_ws/src/sim_ws/build/open_manipulator_gazebo/CMakeFiles/CMakeTmp' 나감
Makefile:126: recipe for target 'cmTC_05dfb/fast' failed
make: *** [cmTC_05dfb/fast] Error 2

File /home/jungpin/catkin_ws/src/sim_ws/build/open_manipulator_gazebo/CMakeFiles/CMakeTmp/CheckSymbolExists.c:
/* */
#include <pthread.h>

int main(int argc, char** argv)
{
  (void)argv;
#ifndef pthread_create
  return ((int*)(&pthread_create))[argc];
#else
  (void)argc;
  return 0;
#endif
}

Determining if the function pthread_create exists in the pthreads failed with the following output:
Change Dir: /home/jungpin/catkin_ws/src/sim_ws/build/open_manipulator_gazebo/CMakeFiles/CMakeTmp

Run Build Command:"/usr/bin/make" "cmTC_056e5/fast"
/usr/bin/make -f CMakeFiles/cmTC_056e5.dir/build.make CMakeFiles/cmTC_056e5.dir/build
make[1]: 디렉터리 '/home/jungpin/catkin_ws/src/sim_ws/build/open_manipulator_gazebo/CMakeFiles/CMakeTmp' 들어감
Building C object CMakeFiles/cmTC_056e5.dir/CheckFunctionExists.c.o
/usr/bin/cc   -DCHECK_FUNCTION_EXISTS=pthread_create   -o CMakeFiles/cmTC_056e5.dir/CheckFunctionExists.c.o   -c /usr/share/cmake-3.10/Modules/CheckFunctionExists.c
Linking C executable cmTC_056e5
/usr/bin/cmake -E cmake_link_script CMakeFiles/cmTC_056e5.dir/link.txt --verbose=1
/usr/bin/cc  -DCHECK_FUNCTION_EXISTS=pthread_create    -rdynamic CMakeFiles/cmTC_056e5.dir/CheckFunctionExists.c.o  -o cmTC_056e5 -lpthreads 
/usr/bin/ld: cannot find -lpthreads
collect2: error: ld returned 1 exit status
CMakeFiles/cmTC_056e5.dir/build.make:97: recipe for target 'cmTC_056e5' failed
make[1]: *** [cmTC_056e5] Error 1
make[1]: 디렉터리 '/home/jungpin/catkin_ws/src/sim_ws/build/open_manipulator_gazebo/CMakeFiles/CMakeTmp' 나감
Makefile:126: recipe for target 'cmTC_056e5/fast' failed
make: *** [cmTC_056e5/fast] Error 2


