[35m[1mScanning dependencies of target geometry_msgs_generate_messages_nodejs[0m
[  0%] Built target geometry_msgs_generate_messages_nodejs
[35m[1mScanning dependencies of target std_msgs_generate_messages_nodejs[0m
[  0%] Built target std_msgs_generate_messages_nodejs
[35m[1mScanning dependencies of target _open_manipulator_msgs_generate_messages_check_deps_KinematicsPose[0m
[  0%] Built target _open_manipulator_msgs_generate_messages_check_deps_KinematicsPose
[35m[1mScanning dependencies of target _open_manipulator_msgs_generate_messages_check_deps_GetJointPose[0m
[  0%] Built target _open_manipulator_msgs_generate_messages_check_deps_GetJointPose
[35m[1mScanning dependencies of target _open_manipulator_msgs_generate_messages_check_deps_JointPose[0m
[  0%] Built target _open_manipulator_msgs_generate_messages_check_deps_JointPose
[35m[1mScanning dependencies of target _open_manipulator_msgs_generate_messages_check_deps_GetKinematicsPose[0m
[  0%] Built target _open_manipulator_msgs_generate_messages_check_deps_GetKinematicsPose
[35m[1mScanning dependencies of target std_msgs_generate_messages_lisp[0m
[  0%] Built target std_msgs_generate_messages_lisp
[35m[1mScanning dependencies of target geometry_msgs_generate_messages_lisp[0m
[  0%] Built target geometry_msgs_generate_messages_lisp
[35m[1mScanning dependencies of target std_msgs_generate_messages_py[0m
[  0%] Built target std_msgs_generate_messages_py
[35m[1mScanning dependencies of target geometry_msgs_generate_messages_py[0m
[  0%] Built target geometry_msgs_generate_messages_py
[35m[1mScanning dependencies of target geometry_msgs_generate_messages_cpp[0m
[  0%] Built target geometry_msgs_generate_messages_cpp
[35m[1mScanning dependencies of target std_msgs_generate_messages_cpp[0m
[  0%] Built target std_msgs_generate_messages_cpp
[35m[1mScanning dependencies of target geometry_msgs_generate_messages_eus[0m
[  0%] Built target geometry_msgs_generate_messages_eus
[35m[1mScanning dependencies of target std_msgs_generate_messages_eus[0m
[  0%] Built target std_msgs_generate_messages_eus
[35m[1mScanning dependencies of target open_manipulator_msgs_generate_messages_nodejs[0m
[  4%] [34m[1mGenerating Javascript code from open_manipulator_msgs/JointPose.msg[0m
[  8%] [34m[1mGenerating Javascript code from open_manipulator_msgs/KinematicsPose.msg[0m
[ 13%] [34m[1mGenerating Javascript code from open_manipulator_msgs/GetJointPose.srv[0m
[ 17%] [34m[1mGenerating Javascript code from open_manipulator_msgs/GetKinematicsPose.srv[0m
[ 17%] Built target open_manipulator_msgs_generate_messages_nodejs
[35m[1mScanning dependencies of target open_manipulator_msgs_generate_messages_lisp[0m
[ 21%] [34m[1mGenerating Lisp code from open_manipulator_msgs/JointPose.msg[0m
[ 26%] [34m[1mGenerating Lisp code from open_manipulator_msgs/KinematicsPose.msg[0m
[ 30%] [34m[1mGenerating Lisp code from open_manipulator_msgs/GetJointPose.srv[0m
[ 34%] [34m[1mGenerating Lisp code from open_manipulator_msgs/GetKinematicsPose.srv[0m
[ 34%] Built target open_manipulator_msgs_generate_messages_lisp
[35m[1mScanning dependencies of target open_manipulator_msgs_generate_messages_py[0m
[ 39%] [34m[1mGenerating Python from MSG open_manipulator_msgs/JointPose[0m
[35m[1mScanning dependencies of target open_manipulator_msgs_generate_messages_cpp[0m
[ 43%] [34m[1mGenerating C++ code from open_manipulator_msgs/JointPose.msg[0m
[ 47%] [34m[1mGenerating C++ code from open_manipulator_msgs/KinematicsPose.msg[0m
[ 52%] [34m[1mGenerating C++ code from open_manipulator_msgs/GetJointPose.srv[0m
[ 56%] [34m[1mGenerating C++ code from open_manipulator_msgs/GetKinematicsPose.srv[0m
[ 56%] Built target open_manipulator_msgs_generate_messages_cpp
[35m[1mScanning dependencies of target open_manipulator_msgs_generate_messages_eus[0m
[ 60%] [34m[1mGenerating EusLisp code from open_manipulator_msgs/JointPose.msg[0m
[ 65%] [34m[1mGenerating EusLisp code from open_manipulator_msgs/KinematicsPose.msg[0m
[ 69%] [34m[1mGenerating EusLisp code from open_manipulator_msgs/GetJointPose.srv[0m
[ 73%] [34m[1mGenerating EusLisp code from open_manipulator_msgs/GetKinematicsPose.srv[0m
[ 78%] [34m[1mGenerating EusLisp manifest code for open_manipulator_msgs[0m
[ 82%] [34m[1mGenerating Python from MSG open_manipulator_msgs/KinematicsPose[0m
[ 86%] [34m[1mGenerating Python code from SRV open_manipulator_msgs/GetJointPose[0m
[ 91%] [34m[1mGenerating Python code from SRV open_manipulator_msgs/GetKinematicsPose[0m
[ 95%] [34m[1mGenerating Python msg __init__.py for open_manipulator_msgs[0m
[100%] [34m[1mGenerating Python srv __init__.py for open_manipulator_msgs[0m
[100%] Built target open_manipulator_msgs_generate_messages_py
[100%] Built target open_manipulator_msgs_generate_messages_eus
[35m[1mScanning dependencies of target open_manipulator_msgs_generate_messages[0m
[100%] Built target open_manipulator_msgs_generate_messages
