Symlinking /home/jungpin/catkin_ws/src/sim_ws/devel/share/common-lisp/ros/open_manipulator_msgs/msg/_package_JointPose.lisp
Symlinking /home/jungpin/catkin_ws/src/sim_ws/devel/share/common-lisp/ros/open_manipulator_msgs/msg/_package_KinematicsPose.lisp
Symlinking /home/jungpin/catkin_ws/src/sim_ws/devel/share/common-lisp/ros/open_manipulator_msgs/msg/_package.lisp
Symlinking /home/jungpin/catkin_ws/src/sim_ws/devel/share/common-lisp/ros/open_manipulator_msgs/msg/JointPose.lisp
Symlinking /home/jungpin/catkin_ws/src/sim_ws/devel/share/common-lisp/ros/open_manipulator_msgs/msg/open_manipulator_msgs-msg.asd
Symlinking /home/jungpin/catkin_ws/src/sim_ws/devel/share/common-lisp/ros/open_manipulator_msgs/msg/KinematicsPose.lisp
Symlinking /home/jungpin/catkin_ws/src/sim_ws/devel/share/common-lisp/ros/open_manipulator_msgs/srv/GetKinematicsPose.lisp
Symlinking /home/jungpin/catkin_ws/src/sim_ws/devel/share/common-lisp/ros/open_manipulator_msgs/srv/_package_GetKinematicsPose.lisp
Symlinking /home/jungpin/catkin_ws/src/sim_ws/devel/share/common-lisp/ros/open_manipulator_msgs/srv/open_manipulator_msgs-srv.asd
Symlinking /home/jungpin/catkin_ws/src/sim_ws/devel/share/common-lisp/ros/open_manipulator_msgs/srv/GetJointPose.lisp
Symlinking /home/jungpin/catkin_ws/src/sim_ws/devel/share/common-lisp/ros/open_manipulator_msgs/srv/_package.lisp
Symlinking /home/jungpin/catkin_ws/src/sim_ws/devel/share/common-lisp/ros/open_manipulator_msgs/srv/_package_GetJointPose.lisp
Symlinking /home/jungpin/catkin_ws/src/sim_ws/devel/share/gennodejs/ros/open_manipulator_msgs/_index.js
Symlinking /home/jungpin/catkin_ws/src/sim_ws/devel/share/gennodejs/ros/open_manipulator_msgs/msg/JointPose.js
Symlinking /home/jungpin/catkin_ws/src/sim_ws/devel/share/gennodejs/ros/open_manipulator_msgs/msg/_index.js
Symlinking /home/jungpin/catkin_ws/src/sim_ws/devel/share/gennodejs/ros/open_manipulator_msgs/msg/KinematicsPose.js
Symlinking /home/jungpin/catkin_ws/src/sim_ws/devel/share/gennodejs/ros/open_manipulator_msgs/srv/GetJointPose.js
Symlinking /home/jungpin/catkin_ws/src/sim_ws/devel/share/gennodejs/ros/open_manipulator_msgs/srv/_index.js
Symlinking /home/jungpin/catkin_ws/src/sim_ws/devel/share/gennodejs/ros/open_manipulator_msgs/srv/GetKinematicsPose.js
Symlinking /home/jungpin/catkin_ws/src/sim_ws/devel/share/open_manipulator_msgs/cmake/open_manipulator_msgsConfig.cmake
Symlinking /home/jungpin/catkin_ws/src/sim_ws/devel/share/open_manipulator_msgs/cmake/open_manipulator_msgs-msg-paths.cmake
Symlinking /home/jungpin/catkin_ws/src/sim_ws/devel/share/open_manipulator_msgs/cmake/open_manipulator_msgsConfig-version.cmake
Symlinking /home/jungpin/catkin_ws/src/sim_ws/devel/share/open_manipulator_msgs/cmake/open_manipulator_msgs-msg-extras.cmake
Symlinking /home/jungpin/catkin_ws/src/sim_ws/devel/share/roseus/ros/open_manipulator_msgs/manifest.l
Symlinking /home/jungpin/catkin_ws/src/sim_ws/devel/share/roseus/ros/open_manipulator_msgs/msg/KinematicsPose.l
Symlinking /home/jungpin/catkin_ws/src/sim_ws/devel/share/roseus/ros/open_manipulator_msgs/msg/JointPose.l
Symlinking /home/jungpin/catkin_ws/src/sim_ws/devel/share/roseus/ros/open_manipulator_msgs/srv/GetJointPose.l
Symlinking /home/jungpin/catkin_ws/src/sim_ws/devel/share/roseus/ros/open_manipulator_msgs/srv/GetKinematicsPose.l
Symlinking /home/jungpin/catkin_ws/src/sim_ws/devel/lib/python2.7/dist-packages/open_manipulator_msgs/__init__.py
Symlinking /home/jungpin/catkin_ws/src/sim_ws/devel/lib/python2.7/dist-packages/open_manipulator_msgs/msg/_KinematicsPose.py
Symlinking /home/jungpin/catkin_ws/src/sim_ws/devel/lib/python2.7/dist-packages/open_manipulator_msgs/msg/__init__.py
Symlinking /home/jungpin/catkin_ws/src/sim_ws/devel/lib/python2.7/dist-packages/open_manipulator_msgs/msg/_JointPose.py
Symlinking /home/jungpin/catkin_ws/src/sim_ws/devel/lib/python2.7/dist-packages/open_manipulator_msgs/srv/_GetKinematicsPose.py
Symlinking /home/jungpin/catkin_ws/src/sim_ws/devel/lib/python2.7/dist-packages/open_manipulator_msgs/srv/_GetJointPose.py
Symlinking /home/jungpin/catkin_ws/src/sim_ws/devel/lib/python2.7/dist-packages/open_manipulator_msgs/srv/__init__.py
Symlinking /home/jungpin/catkin_ws/src/sim_ws/devel/lib/pkgconfig/open_manipulator_msgs.pc
Symlinking /home/jungpin/catkin_ws/src/sim_ws/devel/include/open_manipulator_msgs/GetKinematicsPose.h
Symlinking /home/jungpin/catkin_ws/src/sim_ws/devel/include/open_manipulator_msgs/GetJointPose.h
Symlinking /home/jungpin/catkin_ws/src/sim_ws/devel/include/open_manipulator_msgs/GetJointPoseRequest.h
Symlinking /home/jungpin/catkin_ws/src/sim_ws/devel/include/open_manipulator_msgs/JointPose.h
Symlinking /home/jungpin/catkin_ws/src/sim_ws/devel/include/open_manipulator_msgs/KinematicsPose.h
Symlinking /home/jungpin/catkin_ws/src/sim_ws/devel/include/open_manipulator_msgs/GetKinematicsPoseRequest.h
Symlinking /home/jungpin/catkin_ws/src/sim_ws/devel/include/open_manipulator_msgs/GetJointPoseResponse.h
Symlinking /home/jungpin/catkin_ws/src/sim_ws/devel/include/open_manipulator_msgs/GetKinematicsPoseResponse.h
