[  0%] Built target geometry_msgs_generate_messages_nodejs
[  0%] Built target std_msgs_generate_messages_nodejs
[  0%] Built target _open_manipulator_msgs_generate_messages_check_deps_KinematicsPose
[  0%] Built target _open_manipulator_msgs_generate_messages_check_deps_GetJointPose
[  0%] Built target _open_manipulator_msgs_generate_messages_check_deps_JointPose
[  0%] Built target _open_manipulator_msgs_generate_messages_check_deps_GetKinematicsPose
[  0%] Built target std_msgs_generate_messages_lisp
[  0%] Built target geometry_msgs_generate_messages_lisp
[  0%] Built target std_msgs_generate_messages_py
[  0%] Built target geometry_msgs_generate_messages_cpp
[  0%] Built target geometry_msgs_generate_messages_py
[  0%] Built target std_msgs_generate_messages_cpp
[  0%] Built target geometry_msgs_generate_messages_eus
[  0%] Built target std_msgs_generate_messages_eus
[ 17%] Built target open_manipulator_msgs_generate_messages_lisp
[ 34%] Built target open_manipulator_msgs_generate_messages_nodejs
[ 60%] Built target open_manipulator_msgs_generate_messages_py
[ 78%] Built target open_manipulator_msgs_generate_messages_cpp
[100%] Built target open_manipulator_msgs_generate_messages_eus
[100%] Built target open_manipulator_msgs_generate_messages
