Determining if the pthread_create exist failed with the following output:
Change Dir: /home/jungpin/catkin_ws/src/sim_ws/build/t3_course/CMakeFiles/CMakeTmp

Run Build Command:"/usr/bin/make" "cmTC_7dfde/fast"
/usr/bin/make -f CMakeFiles/cmTC_7dfde.dir/build.make CMakeFiles/cmTC_7dfde.dir/build
make[1]: 디렉터리 '/home/jungpin/catkin_ws/src/sim_ws/build/t3_course/CMakeFiles/CMakeTmp' 들어감
Building C object CMakeFiles/cmTC_7dfde.dir/CheckSymbolExists.c.o
/usr/bin/cc    -o CMakeFiles/cmTC_7dfde.dir/CheckSymbolExists.c.o   -c /home/jungpin/catkin_ws/src/sim_ws/build/t3_course/CMakeFiles/CMakeTmp/CheckSymbolExists.c
Linking C executable cmTC_7dfde
/usr/bin/cmake -E cmake_link_script CMakeFiles/cmTC_7dfde.dir/link.txt --verbose=1
/usr/bin/cc      -rdynamic CMakeFiles/cmTC_7dfde.dir/CheckSymbolExists.c.o  -o cmTC_7dfde 
CMakeFiles/cmTC_7dfde.dir/CheckSymbolExists.c.o: In function `main':
CheckSymbolExists.c:(.text+0x1b): undefined reference to `pthread_create'
collect2: error: ld returned 1 exit status
CMakeFiles/cmTC_7dfde.dir/build.make:97: recipe for target 'cmTC_7dfde' failed
make[1]: *** [cmTC_7dfde] Error 1
make[1]: 디렉터리 '/home/jungpin/catkin_ws/src/sim_ws/build/t3_course/CMakeFiles/CMakeTmp' 나감
Makefile:126: recipe for target 'cmTC_7dfde/fast' failed
make: *** [cmTC_7dfde/fast] Error 2

File /home/jungpin/catkin_ws/src/sim_ws/build/t3_course/CMakeFiles/CMakeTmp/CheckSymbolExists.c:
/* */
#include <pthread.h>

int main(int argc, char** argv)
{
  (void)argv;
#ifndef pthread_create
  return ((int*)(&pthread_create))[argc];
#else
  (void)argc;
  return 0;
#endif
}

Determining if the function pthread_create exists in the pthreads failed with the following output:
Change Dir: /home/jungpin/catkin_ws/src/sim_ws/build/t3_course/CMakeFiles/CMakeTmp

Run Build Command:"/usr/bin/make" "cmTC_eb7bf/fast"
/usr/bin/make -f CMakeFiles/cmTC_eb7bf.dir/build.make CMakeFiles/cmTC_eb7bf.dir/build
make[1]: 디렉터리 '/home/jungpin/catkin_ws/src/sim_ws/build/t3_course/CMakeFiles/CMakeTmp' 들어감
Building C object CMakeFiles/cmTC_eb7bf.dir/CheckFunctionExists.c.o
/usr/bin/cc   -DCHECK_FUNCTION_EXISTS=pthread_create   -o CMakeFiles/cmTC_eb7bf.dir/CheckFunctionExists.c.o   -c /usr/share/cmake-3.10/Modules/CheckFunctionExists.c
Linking C executable cmTC_eb7bf
/usr/bin/cmake -E cmake_link_script CMakeFiles/cmTC_eb7bf.dir/link.txt --verbose=1
/usr/bin/cc  -DCHECK_FUNCTION_EXISTS=pthread_create    -rdynamic CMakeFiles/cmTC_eb7bf.dir/CheckFunctionExists.c.o  -o cmTC_eb7bf -lpthreads 
/usr/bin/ld: cannot find -lpthreads
collect2: error: ld returned 1 exit status
CMakeFiles/cmTC_eb7bf.dir/build.make:97: recipe for target 'cmTC_eb7bf' failed
make[1]: *** [cmTC_eb7bf] Error 1
make[1]: 디렉터리 '/home/jungpin/catkin_ws/src/sim_ws/build/t3_course/CMakeFiles/CMakeTmp' 나감
Makefile:126: recipe for target 'cmTC_eb7bf/fast' failed
make: *** [cmTC_eb7bf/fast] Error 2


