Determining if the pthread_create exist failed with the following output:
Change Dir: /home/jungpin/catkin_ws/src/sim_ws/build/husky_msgs/CMakeFiles/CMakeTmp

Run Build Command:"/usr/bin/make" "cmTC_9f8a1/fast"
/usr/bin/make -f CMakeFiles/cmTC_9f8a1.dir/build.make CMakeFiles/cmTC_9f8a1.dir/build
make[1]: 디렉터리 '/home/jungpin/catkin_ws/src/sim_ws/build/husky_msgs/CMakeFiles/CMakeTmp' 들어감
Building C object CMakeFiles/cmTC_9f8a1.dir/CheckSymbolExists.c.o
/usr/bin/cc    -o CMakeFiles/cmTC_9f8a1.dir/CheckSymbolExists.c.o   -c /home/jungpin/catkin_ws/src/sim_ws/build/husky_msgs/CMakeFiles/CMakeTmp/CheckSymbolExists.c
Linking C executable cmTC_9f8a1
/usr/bin/cmake -E cmake_link_script CMakeFiles/cmTC_9f8a1.dir/link.txt --verbose=1
/usr/bin/cc      -rdynamic CMakeFiles/cmTC_9f8a1.dir/CheckSymbolExists.c.o  -o cmTC_9f8a1 
CMakeFiles/cmTC_9f8a1.dir/CheckSymbolExists.c.o: In function `main':
CheckSymbolExists.c:(.text+0x1b): undefined reference to `pthread_create'
collect2: error: ld returned 1 exit status
CMakeFiles/cmTC_9f8a1.dir/build.make:97: recipe for target 'cmTC_9f8a1' failed
make[1]: *** [cmTC_9f8a1] Error 1
make[1]: 디렉터리 '/home/jungpin/catkin_ws/src/sim_ws/build/husky_msgs/CMakeFiles/CMakeTmp' 나감
Makefile:126: recipe for target 'cmTC_9f8a1/fast' failed
make: *** [cmTC_9f8a1/fast] Error 2

File /home/jungpin/catkin_ws/src/sim_ws/build/husky_msgs/CMakeFiles/CMakeTmp/CheckSymbolExists.c:
/* */
#include <pthread.h>

int main(int argc, char** argv)
{
  (void)argv;
#ifndef pthread_create
  return ((int*)(&pthread_create))[argc];
#else
  (void)argc;
  return 0;
#endif
}

Determining if the function pthread_create exists in the pthreads failed with the following output:
Change Dir: /home/jungpin/catkin_ws/src/sim_ws/build/husky_msgs/CMakeFiles/CMakeTmp

Run Build Command:"/usr/bin/make" "cmTC_423eb/fast"
/usr/bin/make -f CMakeFiles/cmTC_423eb.dir/build.make CMakeFiles/cmTC_423eb.dir/build
make[1]: 디렉터리 '/home/jungpin/catkin_ws/src/sim_ws/build/husky_msgs/CMakeFiles/CMakeTmp' 들어감
Building C object CMakeFiles/cmTC_423eb.dir/CheckFunctionExists.c.o
/usr/bin/cc   -DCHECK_FUNCTION_EXISTS=pthread_create   -o CMakeFiles/cmTC_423eb.dir/CheckFunctionExists.c.o   -c /usr/share/cmake-3.10/Modules/CheckFunctionExists.c
Linking C executable cmTC_423eb
/usr/bin/cmake -E cmake_link_script CMakeFiles/cmTC_423eb.dir/link.txt --verbose=1
/usr/bin/cc  -DCHECK_FUNCTION_EXISTS=pthread_create    -rdynamic CMakeFiles/cmTC_423eb.dir/CheckFunctionExists.c.o  -o cmTC_423eb -lpthreads 
/usr/bin/ld: cannot find -lpthreads
collect2: error: ld returned 1 exit status
CMakeFiles/cmTC_423eb.dir/build.make:97: recipe for target 'cmTC_423eb' failed
make[1]: *** [cmTC_423eb] Error 1
make[1]: 디렉터리 '/home/jungpin/catkin_ws/src/sim_ws/build/husky_msgs/CMakeFiles/CMakeTmp' 나감
Makefile:126: recipe for target 'cmTC_423eb/fast' failed
make: *** [cmTC_423eb/fast] Error 2


