Determining if the pthread_create exist failed with the following output:
Change Dir: /home/jungpin/catkin_ws/src/sim_ws/build/kobuki_description/CMakeFiles/CMakeTmp

Run Build Command:"/usr/bin/make" "cmTC_82a89/fast"
/usr/bin/make -f CMakeFiles/cmTC_82a89.dir/build.make CMakeFiles/cmTC_82a89.dir/build
make[1]: 디렉터리 '/home/jungpin/catkin_ws/src/sim_ws/build/kobuki_description/CMakeFiles/CMakeTmp' 들어감
Building C object CMakeFiles/cmTC_82a89.dir/CheckSymbolExists.c.o
/usr/bin/cc    -o CMakeFiles/cmTC_82a89.dir/CheckSymbolExists.c.o   -c /home/jungpin/catkin_ws/src/sim_ws/build/kobuki_description/CMakeFiles/CMakeTmp/CheckSymbolExists.c
Linking C executable cmTC_82a89
/usr/bin/cmake -E cmake_link_script CMakeFiles/cmTC_82a89.dir/link.txt --verbose=1
/usr/bin/cc      -rdynamic CMakeFiles/cmTC_82a89.dir/CheckSymbolExists.c.o  -o cmTC_82a89 
CMakeFiles/cmTC_82a89.dir/CheckSymbolExists.c.o: In function `main':
CheckSymbolExists.c:(.text+0x1b): undefined reference to `pthread_create'
collect2: error: ld returned 1 exit status
CMakeFiles/cmTC_82a89.dir/build.make:97: recipe for target 'cmTC_82a89' failed
make[1]: *** [cmTC_82a89] Error 1
make[1]: 디렉터리 '/home/jungpin/catkin_ws/src/sim_ws/build/kobuki_description/CMakeFiles/CMakeTmp' 나감
Makefile:126: recipe for target 'cmTC_82a89/fast' failed
make: *** [cmTC_82a89/fast] Error 2

File /home/jungpin/catkin_ws/src/sim_ws/build/kobuki_description/CMakeFiles/CMakeTmp/CheckSymbolExists.c:
/* */
#include <pthread.h>

int main(int argc, char** argv)
{
  (void)argv;
#ifndef pthread_create
  return ((int*)(&pthread_create))[argc];
#else
  (void)argc;
  return 0;
#endif
}

Determining if the function pthread_create exists in the pthreads failed with the following output:
Change Dir: /home/jungpin/catkin_ws/src/sim_ws/build/kobuki_description/CMakeFiles/CMakeTmp

Run Build Command:"/usr/bin/make" "cmTC_a6924/fast"
/usr/bin/make -f CMakeFiles/cmTC_a6924.dir/build.make CMakeFiles/cmTC_a6924.dir/build
make[1]: 디렉터리 '/home/jungpin/catkin_ws/src/sim_ws/build/kobuki_description/CMakeFiles/CMakeTmp' 들어감
Building C object CMakeFiles/cmTC_a6924.dir/CheckFunctionExists.c.o
/usr/bin/cc   -DCHECK_FUNCTION_EXISTS=pthread_create   -o CMakeFiles/cmTC_a6924.dir/CheckFunctionExists.c.o   -c /usr/share/cmake-3.10/Modules/CheckFunctionExists.c
Linking C executable cmTC_a6924
/usr/bin/cmake -E cmake_link_script CMakeFiles/cmTC_a6924.dir/link.txt --verbose=1
/usr/bin/cc  -DCHECK_FUNCTION_EXISTS=pthread_create    -rdynamic CMakeFiles/cmTC_a6924.dir/CheckFunctionExists.c.o  -o cmTC_a6924 -lpthreads 
/usr/bin/ld: cannot find -lpthreads
collect2: error: ld returned 1 exit status
CMakeFiles/cmTC_a6924.dir/build.make:97: recipe for target 'cmTC_a6924' failed
make[1]: *** [cmTC_a6924] Error 1
make[1]: 디렉터리 '/home/jungpin/catkin_ws/src/sim_ws/build/kobuki_description/CMakeFiles/CMakeTmp' 나감
Makefile:126: recipe for target 'cmTC_a6924/fast' failed
make: *** [cmTC_a6924/fast] Error 2


