Determining if the pthread_create exist failed with the following output:
Change Dir: /home/jungpin/catkin_ws/src/sim_ws/build/husky_navigation/CMakeFiles/CMakeTmp

Run Build Command:"/usr/bin/make" "cmTC_5b1bf/fast"
/usr/bin/make -f CMakeFiles/cmTC_5b1bf.dir/build.make CMakeFiles/cmTC_5b1bf.dir/build
make[1]: 디렉터리 '/home/jungpin/catkin_ws/src/sim_ws/build/husky_navigation/CMakeFiles/CMakeTmp' 들어감
Building C object CMakeFiles/cmTC_5b1bf.dir/CheckSymbolExists.c.o
/usr/bin/cc    -o CMakeFiles/cmTC_5b1bf.dir/CheckSymbolExists.c.o   -c /home/jungpin/catkin_ws/src/sim_ws/build/husky_navigation/CMakeFiles/CMakeTmp/CheckSymbolExists.c
Linking C executable cmTC_5b1bf
/usr/bin/cmake -E cmake_link_script CMakeFiles/cmTC_5b1bf.dir/link.txt --verbose=1
/usr/bin/cc      -rdynamic CMakeFiles/cmTC_5b1bf.dir/CheckSymbolExists.c.o  -o cmTC_5b1bf 
CMakeFiles/cmTC_5b1bf.dir/CheckSymbolExists.c.o: In function `main':
CheckSymbolExists.c:(.text+0x1b): undefined reference to `pthread_create'
collect2: error: ld returned 1 exit status
CMakeFiles/cmTC_5b1bf.dir/build.make:97: recipe for target 'cmTC_5b1bf' failed
make[1]: *** [cmTC_5b1bf] Error 1
make[1]: 디렉터리 '/home/jungpin/catkin_ws/src/sim_ws/build/husky_navigation/CMakeFiles/CMakeTmp' 나감
Makefile:126: recipe for target 'cmTC_5b1bf/fast' failed
make: *** [cmTC_5b1bf/fast] Error 2

File /home/jungpin/catkin_ws/src/sim_ws/build/husky_navigation/CMakeFiles/CMakeTmp/CheckSymbolExists.c:
/* */
#include <pthread.h>

int main(int argc, char** argv)
{
  (void)argv;
#ifndef pthread_create
  return ((int*)(&pthread_create))[argc];
#else
  (void)argc;
  return 0;
#endif
}

Determining if the function pthread_create exists in the pthreads failed with the following output:
Change Dir: /home/jungpin/catkin_ws/src/sim_ws/build/husky_navigation/CMakeFiles/CMakeTmp

Run Build Command:"/usr/bin/make" "cmTC_d1c57/fast"
/usr/bin/make -f CMakeFiles/cmTC_d1c57.dir/build.make CMakeFiles/cmTC_d1c57.dir/build
make[1]: 디렉터리 '/home/jungpin/catkin_ws/src/sim_ws/build/husky_navigation/CMakeFiles/CMakeTmp' 들어감
Building C object CMakeFiles/cmTC_d1c57.dir/CheckFunctionExists.c.o
/usr/bin/cc   -DCHECK_FUNCTION_EXISTS=pthread_create   -o CMakeFiles/cmTC_d1c57.dir/CheckFunctionExists.c.o   -c /usr/share/cmake-3.10/Modules/CheckFunctionExists.c
Linking C executable cmTC_d1c57
/usr/bin/cmake -E cmake_link_script CMakeFiles/cmTC_d1c57.dir/link.txt --verbose=1
/usr/bin/cc  -DCHECK_FUNCTION_EXISTS=pthread_create    -rdynamic CMakeFiles/cmTC_d1c57.dir/CheckFunctionExists.c.o  -o cmTC_d1c57 -lpthreads 
/usr/bin/ld: cannot find -lpthreads
collect2: error: ld returned 1 exit status
CMakeFiles/cmTC_d1c57.dir/build.make:97: recipe for target 'cmTC_d1c57' failed
make[1]: *** [cmTC_d1c57] Error 1
make[1]: 디렉터리 '/home/jungpin/catkin_ws/src/sim_ws/build/husky_navigation/CMakeFiles/CMakeTmp' 나감
Makefile:126: recipe for target 'cmTC_d1c57/fast' failed
make: *** [cmTC_d1c57/fast] Error 2


