[  0%] Built target nav_msgs_generate_messages_cpp
[  0%] Built target _create_node_generate_messages_check_deps_SetTurtlebotMode
[  0%] Built target _create_node_generate_messages_check_deps_SetDigitalOutputs
[  0%] Built target _create_node_generate_messages_check_deps_RoombaSensorState
[  0%] Built target _create_node_generate_messages_check_deps_Turtle
[  0%] Built target _create_node_generate_messages_check_deps_Drive
[  0%] Built target diagnostic_msgs_generate_messages_cpp
[  0%] Built target geometry_msgs_generate_messages_cpp
[  0%] Built target _create_node_generate_messages_check_deps_TurtlebotSensorState
[  0%] Built target _create_node_generate_messages_check_deps_RawTurtlebotSensorState
[  0%] Built target diagnostic_msgs_generate_messages_py
[  0%] Built target geometry_msgs_generate_messages_py
[  0%] Built target nav_msgs_generate_messages_py
[  0%] Built target diagnostic_msgs_generate_messages_nodejs
[  0%] Built target nav_msgs_generate_messages_nodejs
[  0%] Built target nav_msgs_generate_messages_lisp
[  0%] Built target _create_node_generate_messages_check_deps_BatteryState
[  0%] Built target geometry_msgs_generate_messages_nodejs
[  0%] Built target geometry_msgs_generate_messages_lisp
[  0%] Built target diagnostic_msgs_generate_messages_lisp
[  0%] Built target geometry_msgs_generate_messages_eus
[  0%] Built target nav_msgs_generate_messages_eus
[  0%] Built target diagnostic_msgs_generate_messages_eus
[ 22%] Built target create_node_generate_messages_py
[ 25%] Built target create_node_gencfg
[ 43%] Built target create_node_generate_messages_cpp
[ 61%] Built target create_node_generate_messages_nodejs
[ 79%] Built target create_node_generate_messages_lisp
[100%] Built target create_node_generate_messages_eus
[100%] Built target create_node_generate_messages
