[  0%] Built target _create_node_generate_messages_check_deps_SetTurtlebotMode
[  0%] Built target nav_msgs_generate_messages_cpp
[  0%] Built target _create_node_generate_messages_check_deps_SetDigitalOutputs
[  0%] Built target _create_node_generate_messages_check_deps_RoombaSensorState
[  0%] Built target _create_node_generate_messages_check_deps_Turtle
[  0%] Built target _create_node_generate_messages_check_deps_Drive
[  0%] Built target _create_node_generate_messages_check_deps_TurtlebotSensorState
[  0%] Built target _create_node_generate_messages_check_deps_RawTurtlebotSensorState
[  0%] Built target geometry_msgs_generate_messages_cpp
[  0%] Built target diagnostic_msgs_generate_messages_cpp
[  0%] Built target geometry_msgs_generate_messages_py
[  0%] Built target diagnostic_msgs_generate_messages_py
[  0%] Built target diagnostic_msgs_generate_messages_nodejs
[  0%] Built target nav_msgs_generate_messages_py
[  0%] Built target nav_msgs_generate_messages_nodejs
[  0%] Built target _create_node_generate_messages_check_deps_BatteryState
[  0%] Built target geometry_msgs_generate_messages_nodejs
[  0%] Built target geometry_msgs_generate_messages_lisp
[  0%] Built target geometry_msgs_generate_messages_eus
[  0%] Built target nav_msgs_generate_messages_lisp
[  0%] Built target diagnostic_msgs_generate_messages_lisp
[ 18%] Built target create_node_generate_messages_cpp
[ 18%] Built target diagnostic_msgs_generate_messages_eus
[ 20%] Built target nav_msgs_generate_messages_eus
[ 20%] Built target create_node_gencfg
[ 38%] Built target create_node_generate_messages_lisp
[ 59%] Built target create_node_generate_messages_eus
[ 77%] Built target create_node_generate_messages_nodejs
[100%] Built target create_node_generate_messages_py
[100%] Built target create_node_generate_messages
