Linked: (/home/jungpin/catkin_ws/src/sim_ws/devel/.private/create_node/share/create_node/cmake/create_node-msg-paths.cmake, /home/jungpin/catkin_ws/src/sim_ws/devel/share/create_node/cmake/create_node-msg-paths.cmake)
Linked: (/home/jungpin/catkin_ws/src/sim_ws/devel/.private/create_node/share/create_node/cmake/create_nodeConfig-version.cmake, /home/jungpin/catkin_ws/src/sim_ws/devel/share/create_node/cmake/create_nodeConfig-version.cmake)
Linked: (/home/jungpin/catkin_ws/src/sim_ws/devel/.private/create_node/share/create_node/cmake/create_nodeConfig.cmake, /home/jungpin/catkin_ws/src/sim_ws/devel/share/create_node/cmake/create_nodeConfig.cmake)
Linked: (/home/jungpin/catkin_ws/src/sim_ws/devel/.private/create_node/share/create_node/cmake/create_node-msg-extras.cmake, /home/jungpin/catkin_ws/src/sim_ws/devel/share/create_node/cmake/create_node-msg-extras.cmake)
Linked: (/home/jungpin/catkin_ws/src/sim_ws/devel/.private/create_node/share/create_node/docs/TurtleBotConfig.dox, /home/jungpin/catkin_ws/src/sim_ws/devel/share/create_node/docs/TurtleBotConfig.dox)
Linked: (/home/jungpin/catkin_ws/src/sim_ws/devel/.private/create_node/share/create_node/docs/TurtleBotConfig.wikidoc, /home/jungpin/catkin_ws/src/sim_ws/devel/share/create_node/docs/TurtleBotConfig.wikidoc)
Linked: (/home/jungpin/catkin_ws/src/sim_ws/devel/.private/create_node/share/create_node/docs/TurtleBotConfig-usage.dox, /home/jungpin/catkin_ws/src/sim_ws/devel/share/create_node/docs/TurtleBotConfig-usage.dox)
Linked: (/home/jungpin/catkin_ws/src/sim_ws/devel/.private/create_node/share/common-lisp/ros/create_node/msg/create_node-msg.asd, /home/jungpin/catkin_ws/src/sim_ws/devel/share/common-lisp/ros/create_node/msg/create_node-msg.asd)
Linked: (/home/jungpin/catkin_ws/src/sim_ws/devel/.private/create_node/share/common-lisp/ros/create_node/msg/TurtlebotSensorState.lisp, /home/jungpin/catkin_ws/src/sim_ws/devel/share/common-lisp/ros/create_node/msg/TurtlebotSensorState.lisp)
Linked: (/home/jungpin/catkin_ws/src/sim_ws/devel/.private/create_node/share/common-lisp/ros/create_node/msg/RawTurtlebotSensorState.lisp, /home/jungpin/catkin_ws/src/sim_ws/devel/share/common-lisp/ros/create_node/msg/RawTurtlebotSensorState.lisp)
Linked: (/home/jungpin/catkin_ws/src/sim_ws/devel/.private/create_node/share/common-lisp/ros/create_node/msg/_package_Turtle.lisp, /home/jungpin/catkin_ws/src/sim_ws/devel/share/common-lisp/ros/create_node/msg/_package_Turtle.lisp)
Linked: (/home/jungpin/catkin_ws/src/sim_ws/devel/.private/create_node/share/common-lisp/ros/create_node/msg/_package_RoombaSensorState.lisp, /home/jungpin/catkin_ws/src/sim_ws/devel/share/common-lisp/ros/create_node/msg/_package_RoombaSensorState.lisp)
Linked: (/home/jungpin/catkin_ws/src/sim_ws/devel/.private/create_node/share/common-lisp/ros/create_node/msg/Turtle.lisp, /home/jungpin/catkin_ws/src/sim_ws/devel/share/common-lisp/ros/create_node/msg/Turtle.lisp)
Linked: (/home/jungpin/catkin_ws/src/sim_ws/devel/.private/create_node/share/common-lisp/ros/create_node/msg/Drive.lisp, /home/jungpin/catkin_ws/src/sim_ws/devel/share/common-lisp/ros/create_node/msg/Drive.lisp)
Linked: (/home/jungpin/catkin_ws/src/sim_ws/devel/.private/create_node/share/common-lisp/ros/create_node/msg/BatteryState.lisp, /home/jungpin/catkin_ws/src/sim_ws/devel/share/common-lisp/ros/create_node/msg/BatteryState.lisp)
Linked: (/home/jungpin/catkin_ws/src/sim_ws/devel/.private/create_node/share/common-lisp/ros/create_node/msg/_package.lisp, /home/jungpin/catkin_ws/src/sim_ws/devel/share/common-lisp/ros/create_node/msg/_package.lisp)
Linked: (/home/jungpin/catkin_ws/src/sim_ws/devel/.private/create_node/share/common-lisp/ros/create_node/msg/_package_RawTurtlebotSensorState.lisp, /home/jungpin/catkin_ws/src/sim_ws/devel/share/common-lisp/ros/create_node/msg/_package_RawTurtlebotSensorState.lisp)
Linked: (/home/jungpin/catkin_ws/src/sim_ws/devel/.private/create_node/share/common-lisp/ros/create_node/msg/_package_TurtlebotSensorState.lisp, /home/jungpin/catkin_ws/src/sim_ws/devel/share/common-lisp/ros/create_node/msg/_package_TurtlebotSensorState.lisp)
Linked: (/home/jungpin/catkin_ws/src/sim_ws/devel/.private/create_node/share/common-lisp/ros/create_node/msg/_package_BatteryState.lisp, /home/jungpin/catkin_ws/src/sim_ws/devel/share/common-lisp/ros/create_node/msg/_package_BatteryState.lisp)
Linked: (/home/jungpin/catkin_ws/src/sim_ws/devel/.private/create_node/share/common-lisp/ros/create_node/msg/RoombaSensorState.lisp, /home/jungpin/catkin_ws/src/sim_ws/devel/share/common-lisp/ros/create_node/msg/RoombaSensorState.lisp)
Linked: (/home/jungpin/catkin_ws/src/sim_ws/devel/.private/create_node/share/common-lisp/ros/create_node/msg/_package_Drive.lisp, /home/jungpin/catkin_ws/src/sim_ws/devel/share/common-lisp/ros/create_node/msg/_package_Drive.lisp)
Linked: (/home/jungpin/catkin_ws/src/sim_ws/devel/.private/create_node/share/common-lisp/ros/create_node/srv/_package_SetTurtlebotMode.lisp, /home/jungpin/catkin_ws/src/sim_ws/devel/share/common-lisp/ros/create_node/srv/_package_SetTurtlebotMode.lisp)
Linked: (/home/jungpin/catkin_ws/src/sim_ws/devel/.private/create_node/share/common-lisp/ros/create_node/srv/SetTurtlebotMode.lisp, /home/jungpin/catkin_ws/src/sim_ws/devel/share/common-lisp/ros/create_node/srv/SetTurtlebotMode.lisp)
Linked: (/home/jungpin/catkin_ws/src/sim_ws/devel/.private/create_node/share/common-lisp/ros/create_node/srv/SetDigitalOutputs.lisp, /home/jungpin/catkin_ws/src/sim_ws/devel/share/common-lisp/ros/create_node/srv/SetDigitalOutputs.lisp)
Linked: (/home/jungpin/catkin_ws/src/sim_ws/devel/.private/create_node/share/common-lisp/ros/create_node/srv/create_node-srv.asd, /home/jungpin/catkin_ws/src/sim_ws/devel/share/common-lisp/ros/create_node/srv/create_node-srv.asd)
Linked: (/home/jungpin/catkin_ws/src/sim_ws/devel/.private/create_node/share/common-lisp/ros/create_node/srv/_package.lisp, /home/jungpin/catkin_ws/src/sim_ws/devel/share/common-lisp/ros/create_node/srv/_package.lisp)
Linked: (/home/jungpin/catkin_ws/src/sim_ws/devel/.private/create_node/share/common-lisp/ros/create_node/srv/_package_SetDigitalOutputs.lisp, /home/jungpin/catkin_ws/src/sim_ws/devel/share/common-lisp/ros/create_node/srv/_package_SetDigitalOutputs.lisp)
Linked: (/home/jungpin/catkin_ws/src/sim_ws/devel/.private/create_node/share/gennodejs/ros/create_node/_index.js, /home/jungpin/catkin_ws/src/sim_ws/devel/share/gennodejs/ros/create_node/_index.js)
Linked: (/home/jungpin/catkin_ws/src/sim_ws/devel/.private/create_node/share/gennodejs/ros/create_node/msg/RawTurtlebotSensorState.js, /home/jungpin/catkin_ws/src/sim_ws/devel/share/gennodejs/ros/create_node/msg/RawTurtlebotSensorState.js)
Linked: (/home/jungpin/catkin_ws/src/sim_ws/devel/.private/create_node/share/gennodejs/ros/create_node/msg/TurtlebotSensorState.js, /home/jungpin/catkin_ws/src/sim_ws/devel/share/gennodejs/ros/create_node/msg/TurtlebotSensorState.js)
Linked: (/home/jungpin/catkin_ws/src/sim_ws/devel/.private/create_node/share/gennodejs/ros/create_node/msg/_index.js, /home/jungpin/catkin_ws/src/sim_ws/devel/share/gennodejs/ros/create_node/msg/_index.js)
Linked: (/home/jungpin/catkin_ws/src/sim_ws/devel/.private/create_node/share/gennodejs/ros/create_node/msg/Turtle.js, /home/jungpin/catkin_ws/src/sim_ws/devel/share/gennodejs/ros/create_node/msg/Turtle.js)
Linked: (/home/jungpin/catkin_ws/src/sim_ws/devel/.private/create_node/share/gennodejs/ros/create_node/msg/RoombaSensorState.js, /home/jungpin/catkin_ws/src/sim_ws/devel/share/gennodejs/ros/create_node/msg/RoombaSensorState.js)
Linked: (/home/jungpin/catkin_ws/src/sim_ws/devel/.private/create_node/share/gennodejs/ros/create_node/msg/Drive.js, /home/jungpin/catkin_ws/src/sim_ws/devel/share/gennodejs/ros/create_node/msg/Drive.js)
Linked: (/home/jungpin/catkin_ws/src/sim_ws/devel/.private/create_node/share/gennodejs/ros/create_node/msg/BatteryState.js, /home/jungpin/catkin_ws/src/sim_ws/devel/share/gennodejs/ros/create_node/msg/BatteryState.js)
Linked: (/home/jungpin/catkin_ws/src/sim_ws/devel/.private/create_node/share/gennodejs/ros/create_node/srv/SetDigitalOutputs.js, /home/jungpin/catkin_ws/src/sim_ws/devel/share/gennodejs/ros/create_node/srv/SetDigitalOutputs.js)
Linked: (/home/jungpin/catkin_ws/src/sim_ws/devel/.private/create_node/share/gennodejs/ros/create_node/srv/_index.js, /home/jungpin/catkin_ws/src/sim_ws/devel/share/gennodejs/ros/create_node/srv/_index.js)
Linked: (/home/jungpin/catkin_ws/src/sim_ws/devel/.private/create_node/share/gennodejs/ros/create_node/srv/SetTurtlebotMode.js, /home/jungpin/catkin_ws/src/sim_ws/devel/share/gennodejs/ros/create_node/srv/SetTurtlebotMode.js)
Linked: (/home/jungpin/catkin_ws/src/sim_ws/devel/.private/create_node/share/roseus/ros/create_node/manifest.l, /home/jungpin/catkin_ws/src/sim_ws/devel/share/roseus/ros/create_node/manifest.l)
Linked: (/home/jungpin/catkin_ws/src/sim_ws/devel/.private/create_node/share/roseus/ros/create_node/msg/RawTurtlebotSensorState.l, /home/jungpin/catkin_ws/src/sim_ws/devel/share/roseus/ros/create_node/msg/RawTurtlebotSensorState.l)
Linked: (/home/jungpin/catkin_ws/src/sim_ws/devel/.private/create_node/share/roseus/ros/create_node/msg/Turtle.l, /home/jungpin/catkin_ws/src/sim_ws/devel/share/roseus/ros/create_node/msg/Turtle.l)
Linked: (/home/jungpin/catkin_ws/src/sim_ws/devel/.private/create_node/share/roseus/ros/create_node/msg/RoombaSensorState.l, /home/jungpin/catkin_ws/src/sim_ws/devel/share/roseus/ros/create_node/msg/RoombaSensorState.l)
Linked: (/home/jungpin/catkin_ws/src/sim_ws/devel/.private/create_node/share/roseus/ros/create_node/msg/TurtlebotSensorState.l, /home/jungpin/catkin_ws/src/sim_ws/devel/share/roseus/ros/create_node/msg/TurtlebotSensorState.l)
Linked: (/home/jungpin/catkin_ws/src/sim_ws/devel/.private/create_node/share/roseus/ros/create_node/msg/BatteryState.l, /home/jungpin/catkin_ws/src/sim_ws/devel/share/roseus/ros/create_node/msg/BatteryState.l)
Linked: (/home/jungpin/catkin_ws/src/sim_ws/devel/.private/create_node/share/roseus/ros/create_node/msg/Drive.l, /home/jungpin/catkin_ws/src/sim_ws/devel/share/roseus/ros/create_node/msg/Drive.l)
Linked: (/home/jungpin/catkin_ws/src/sim_ws/devel/.private/create_node/share/roseus/ros/create_node/srv/SetTurtlebotMode.l, /home/jungpin/catkin_ws/src/sim_ws/devel/share/roseus/ros/create_node/srv/SetTurtlebotMode.l)
Linked: (/home/jungpin/catkin_ws/src/sim_ws/devel/.private/create_node/share/roseus/ros/create_node/srv/SetDigitalOutputs.l, /home/jungpin/catkin_ws/src/sim_ws/devel/share/roseus/ros/create_node/srv/SetDigitalOutputs.l)
Linked: (/home/jungpin/catkin_ws/src/sim_ws/devel/.private/create_node/lib/python2.7/dist-packages/create_node/__init__.py, /home/jungpin/catkin_ws/src/sim_ws/devel/lib/python2.7/dist-packages/create_node/__init__.py)
Linked: (/home/jungpin/catkin_ws/src/sim_ws/devel/.private/create_node/lib/python2.7/dist-packages/create_node/msg/_BatteryState.py, /home/jungpin/catkin_ws/src/sim_ws/devel/lib/python2.7/dist-packages/create_node/msg/_BatteryState.py)
Linked: (/home/jungpin/catkin_ws/src/sim_ws/devel/.private/create_node/lib/python2.7/dist-packages/create_node/msg/_TurtlebotSensorState.py, /home/jungpin/catkin_ws/src/sim_ws/devel/lib/python2.7/dist-packages/create_node/msg/_TurtlebotSensorState.py)
Linked: (/home/jungpin/catkin_ws/src/sim_ws/devel/.private/create_node/lib/python2.7/dist-packages/create_node/msg/_RoombaSensorState.py, /home/jungpin/catkin_ws/src/sim_ws/devel/lib/python2.7/dist-packages/create_node/msg/_RoombaSensorState.py)
Linked: (/home/jungpin/catkin_ws/src/sim_ws/devel/.private/create_node/lib/python2.7/dist-packages/create_node/msg/_Drive.py, /home/jungpin/catkin_ws/src/sim_ws/devel/lib/python2.7/dist-packages/create_node/msg/_Drive.py)
Linked: (/home/jungpin/catkin_ws/src/sim_ws/devel/.private/create_node/lib/python2.7/dist-packages/create_node/msg/_RawTurtlebotSensorState.py, /home/jungpin/catkin_ws/src/sim_ws/devel/lib/python2.7/dist-packages/create_node/msg/_RawTurtlebotSensorState.py)
Linked: (/home/jungpin/catkin_ws/src/sim_ws/devel/.private/create_node/lib/python2.7/dist-packages/create_node/msg/__init__.py, /home/jungpin/catkin_ws/src/sim_ws/devel/lib/python2.7/dist-packages/create_node/msg/__init__.py)
Linked: (/home/jungpin/catkin_ws/src/sim_ws/devel/.private/create_node/lib/python2.7/dist-packages/create_node/msg/_Turtle.py, /home/jungpin/catkin_ws/src/sim_ws/devel/lib/python2.7/dist-packages/create_node/msg/_Turtle.py)
Linked: (/home/jungpin/catkin_ws/src/sim_ws/devel/.private/create_node/lib/python2.7/dist-packages/create_node/srv/_SetDigitalOutputs.py, /home/jungpin/catkin_ws/src/sim_ws/devel/lib/python2.7/dist-packages/create_node/srv/_SetDigitalOutputs.py)
Linked: (/home/jungpin/catkin_ws/src/sim_ws/devel/.private/create_node/lib/python2.7/dist-packages/create_node/srv/_SetTurtlebotMode.py, /home/jungpin/catkin_ws/src/sim_ws/devel/lib/python2.7/dist-packages/create_node/srv/_SetTurtlebotMode.py)
Linked: (/home/jungpin/catkin_ws/src/sim_ws/devel/.private/create_node/lib/python2.7/dist-packages/create_node/srv/__init__.py, /home/jungpin/catkin_ws/src/sim_ws/devel/lib/python2.7/dist-packages/create_node/srv/__init__.py)
Linked: (/home/jungpin/catkin_ws/src/sim_ws/devel/.private/create_node/lib/python2.7/dist-packages/create_node/cfg/TurtleBotConfig.py, /home/jungpin/catkin_ws/src/sim_ws/devel/lib/python2.7/dist-packages/create_node/cfg/TurtleBotConfig.py)
Linked: (/home/jungpin/catkin_ws/src/sim_ws/devel/.private/create_node/lib/python2.7/dist-packages/create_node/cfg/__init__.py, /home/jungpin/catkin_ws/src/sim_ws/devel/lib/python2.7/dist-packages/create_node/cfg/__init__.py)
Linked: (/home/jungpin/catkin_ws/src/sim_ws/devel/.private/create_node/lib/pkgconfig/create_node.pc, /home/jungpin/catkin_ws/src/sim_ws/devel/lib/pkgconfig/create_node.pc)
Linked: (/home/jungpin/catkin_ws/src/sim_ws/devel/.private/create_node/include/create_node/Drive.h, /home/jungpin/catkin_ws/src/sim_ws/devel/include/create_node/Drive.h)
Linked: (/home/jungpin/catkin_ws/src/sim_ws/devel/.private/create_node/include/create_node/Turtle.h, /home/jungpin/catkin_ws/src/sim_ws/devel/include/create_node/Turtle.h)
Linked: (/home/jungpin/catkin_ws/src/sim_ws/devel/.private/create_node/include/create_node/TurtlebotSensorState.h, /home/jungpin/catkin_ws/src/sim_ws/devel/include/create_node/TurtlebotSensorState.h)
Linked: (/home/jungpin/catkin_ws/src/sim_ws/devel/.private/create_node/include/create_node/SetTurtlebotModeResponse.h, /home/jungpin/catkin_ws/src/sim_ws/devel/include/create_node/SetTurtlebotModeResponse.h)
Linked: (/home/jungpin/catkin_ws/src/sim_ws/devel/.private/create_node/include/create_node/SetTurtlebotModeRequest.h, /home/jungpin/catkin_ws/src/sim_ws/devel/include/create_node/SetTurtlebotModeRequest.h)
Linked: (/home/jungpin/catkin_ws/src/sim_ws/devel/.private/create_node/include/create_node/RoombaSensorState.h, /home/jungpin/catkin_ws/src/sim_ws/devel/include/create_node/RoombaSensorState.h)
Linked: (/home/jungpin/catkin_ws/src/sim_ws/devel/.private/create_node/include/create_node/BatteryState.h, /home/jungpin/catkin_ws/src/sim_ws/devel/include/create_node/BatteryState.h)
Linked: (/home/jungpin/catkin_ws/src/sim_ws/devel/.private/create_node/include/create_node/SetTurtlebotMode.h, /home/jungpin/catkin_ws/src/sim_ws/devel/include/create_node/SetTurtlebotMode.h)
Linked: (/home/jungpin/catkin_ws/src/sim_ws/devel/.private/create_node/include/create_node/SetDigitalOutputs.h, /home/jungpin/catkin_ws/src/sim_ws/devel/include/create_node/SetDigitalOutputs.h)
Linked: (/home/jungpin/catkin_ws/src/sim_ws/devel/.private/create_node/include/create_node/SetDigitalOutputsResponse.h, /home/jungpin/catkin_ws/src/sim_ws/devel/include/create_node/SetDigitalOutputsResponse.h)
Linked: (/home/jungpin/catkin_ws/src/sim_ws/devel/.private/create_node/include/create_node/SetDigitalOutputsRequest.h, /home/jungpin/catkin_ws/src/sim_ws/devel/include/create_node/SetDigitalOutputsRequest.h)
Linked: (/home/jungpin/catkin_ws/src/sim_ws/devel/.private/create_node/include/create_node/TurtleBotConfig.h, /home/jungpin/catkin_ws/src/sim_ws/devel/include/create_node/TurtleBotConfig.h)
Linked: (/home/jungpin/catkin_ws/src/sim_ws/devel/.private/create_node/include/create_node/RawTurtlebotSensorState.h, /home/jungpin/catkin_ws/src/sim_ws/devel/include/create_node/RawTurtlebotSensorState.h)
