Determining if the pthread_create exist failed with the following output:
Change Dir: /home/jungpin/catkin_ws/src/sim_ws/build/turtlebot3_teleop/CMakeFiles/CMakeTmp

Run Build Command:"/usr/bin/make" "cmTC_d100e/fast"
/usr/bin/make -f CMakeFiles/cmTC_d100e.dir/build.make CMakeFiles/cmTC_d100e.dir/build
make[1]: 디렉터리 '/home/jungpin/catkin_ws/src/sim_ws/build/turtlebot3_teleop/CMakeFiles/CMakeTmp' 들어감
Building C object CMakeFiles/cmTC_d100e.dir/CheckSymbolExists.c.o
/usr/bin/cc    -o CMakeFiles/cmTC_d100e.dir/CheckSymbolExists.c.o   -c /home/jungpin/catkin_ws/src/sim_ws/build/turtlebot3_teleop/CMakeFiles/CMakeTmp/CheckSymbolExists.c
Linking C executable cmTC_d100e
/usr/bin/cmake -E cmake_link_script CMakeFiles/cmTC_d100e.dir/link.txt --verbose=1
/usr/bin/cc      -rdynamic CMakeFiles/cmTC_d100e.dir/CheckSymbolExists.c.o  -o cmTC_d100e 
CMakeFiles/cmTC_d100e.dir/CheckSymbolExists.c.o: In function `main':
CheckSymbolExists.c:(.text+0x1b): undefined reference to `pthread_create'
collect2: error: ld returned 1 exit status
CMakeFiles/cmTC_d100e.dir/build.make:97: recipe for target 'cmTC_d100e' failed
make[1]: *** [cmTC_d100e] Error 1
make[1]: 디렉터리 '/home/jungpin/catkin_ws/src/sim_ws/build/turtlebot3_teleop/CMakeFiles/CMakeTmp' 나감
Makefile:126: recipe for target 'cmTC_d100e/fast' failed
make: *** [cmTC_d100e/fast] Error 2

File /home/jungpin/catkin_ws/src/sim_ws/build/turtlebot3_teleop/CMakeFiles/CMakeTmp/CheckSymbolExists.c:
/* */
#include <pthread.h>

int main(int argc, char** argv)
{
  (void)argv;
#ifndef pthread_create
  return ((int*)(&pthread_create))[argc];
#else
  (void)argc;
  return 0;
#endif
}

Determining if the function pthread_create exists in the pthreads failed with the following output:
Change Dir: /home/jungpin/catkin_ws/src/sim_ws/build/turtlebot3_teleop/CMakeFiles/CMakeTmp

Run Build Command:"/usr/bin/make" "cmTC_c1e14/fast"
/usr/bin/make -f CMakeFiles/cmTC_c1e14.dir/build.make CMakeFiles/cmTC_c1e14.dir/build
make[1]: 디렉터리 '/home/jungpin/catkin_ws/src/sim_ws/build/turtlebot3_teleop/CMakeFiles/CMakeTmp' 들어감
Building C object CMakeFiles/cmTC_c1e14.dir/CheckFunctionExists.c.o
/usr/bin/cc   -DCHECK_FUNCTION_EXISTS=pthread_create   -o CMakeFiles/cmTC_c1e14.dir/CheckFunctionExists.c.o   -c /usr/share/cmake-3.10/Modules/CheckFunctionExists.c
Linking C executable cmTC_c1e14
/usr/bin/cmake -E cmake_link_script CMakeFiles/cmTC_c1e14.dir/link.txt --verbose=1
/usr/bin/cc  -DCHECK_FUNCTION_EXISTS=pthread_create    -rdynamic CMakeFiles/cmTC_c1e14.dir/CheckFunctionExists.c.o  -o cmTC_c1e14 -lpthreads 
/usr/bin/ld: cannot find -lpthreads
collect2: error: ld returned 1 exit status
CMakeFiles/cmTC_c1e14.dir/build.make:97: recipe for target 'cmTC_c1e14' failed
make[1]: *** [cmTC_c1e14] Error 1
make[1]: 디렉터리 '/home/jungpin/catkin_ws/src/sim_ws/build/turtlebot3_teleop/CMakeFiles/CMakeTmp' 나감
Makefile:126: recipe for target 'cmTC_c1e14/fast' failed
make: *** [cmTC_c1e14/fast] Error 2


