Determining if the pthread_create exist failed with the following output:
Change Dir: /home/jungpin/catkin_ws/src/sim_ws/build/multiple_kobukis/CMakeFiles/CMakeTmp

Run Build Command:"/usr/bin/make" "cmTC_38f4c/fast"
/usr/bin/make -f CMakeFiles/cmTC_38f4c.dir/build.make CMakeFiles/cmTC_38f4c.dir/build
make[1]: 디렉터리 '/home/jungpin/catkin_ws/src/sim_ws/build/multiple_kobukis/CMakeFiles/CMakeTmp' 들어감
Building C object CMakeFiles/cmTC_38f4c.dir/CheckSymbolExists.c.o
/usr/bin/cc    -o CMakeFiles/cmTC_38f4c.dir/CheckSymbolExists.c.o   -c /home/jungpin/catkin_ws/src/sim_ws/build/multiple_kobukis/CMakeFiles/CMakeTmp/CheckSymbolExists.c
Linking C executable cmTC_38f4c
/usr/bin/cmake -E cmake_link_script CMakeFiles/cmTC_38f4c.dir/link.txt --verbose=1
/usr/bin/cc      -rdynamic CMakeFiles/cmTC_38f4c.dir/CheckSymbolExists.c.o  -o cmTC_38f4c 
CMakeFiles/cmTC_38f4c.dir/CheckSymbolExists.c.o: In function `main':
CheckSymbolExists.c:(.text+0x1b): undefined reference to `pthread_create'
collect2: error: ld returned 1 exit status
CMakeFiles/cmTC_38f4c.dir/build.make:97: recipe for target 'cmTC_38f4c' failed
make[1]: *** [cmTC_38f4c] Error 1
make[1]: 디렉터리 '/home/jungpin/catkin_ws/src/sim_ws/build/multiple_kobukis/CMakeFiles/CMakeTmp' 나감
Makefile:126: recipe for target 'cmTC_38f4c/fast' failed
make: *** [cmTC_38f4c/fast] Error 2

File /home/jungpin/catkin_ws/src/sim_ws/build/multiple_kobukis/CMakeFiles/CMakeTmp/CheckSymbolExists.c:
/* */
#include <pthread.h>

int main(int argc, char** argv)
{
  (void)argv;
#ifndef pthread_create
  return ((int*)(&pthread_create))[argc];
#else
  (void)argc;
  return 0;
#endif
}

Determining if the function pthread_create exists in the pthreads failed with the following output:
Change Dir: /home/jungpin/catkin_ws/src/sim_ws/build/multiple_kobukis/CMakeFiles/CMakeTmp

Run Build Command:"/usr/bin/make" "cmTC_dcdce/fast"
/usr/bin/make -f CMakeFiles/cmTC_dcdce.dir/build.make CMakeFiles/cmTC_dcdce.dir/build
make[1]: 디렉터리 '/home/jungpin/catkin_ws/src/sim_ws/build/multiple_kobukis/CMakeFiles/CMakeTmp' 들어감
Building C object CMakeFiles/cmTC_dcdce.dir/CheckFunctionExists.c.o
/usr/bin/cc   -DCHECK_FUNCTION_EXISTS=pthread_create   -o CMakeFiles/cmTC_dcdce.dir/CheckFunctionExists.c.o   -c /usr/share/cmake-3.10/Modules/CheckFunctionExists.c
Linking C executable cmTC_dcdce
/usr/bin/cmake -E cmake_link_script CMakeFiles/cmTC_dcdce.dir/link.txt --verbose=1
/usr/bin/cc  -DCHECK_FUNCTION_EXISTS=pthread_create    -rdynamic CMakeFiles/cmTC_dcdce.dir/CheckFunctionExists.c.o  -o cmTC_dcdce -lpthreads 
/usr/bin/ld: cannot find -lpthreads
collect2: error: ld returned 1 exit status
CMakeFiles/cmTC_dcdce.dir/build.make:97: recipe for target 'cmTC_dcdce' failed
make[1]: *** [cmTC_dcdce] Error 1
make[1]: 디렉터리 '/home/jungpin/catkin_ws/src/sim_ws/build/multiple_kobukis/CMakeFiles/CMakeTmp' 나감
Makefile:126: recipe for target 'cmTC_dcdce/fast' failed
make: *** [cmTC_dcdce/fast] Error 2


