Determining if the pthread_create exist failed with the following output:
Change Dir: /home/jungpin/catkin_ws/build/CMakeFiles/CMakeTmp

Run Build Command:"/usr/bin/make" "cmTC_ce098/fast"
/usr/bin/make -f CMakeFiles/cmTC_ce098.dir/build.make CMakeFiles/cmTC_ce098.dir/build
make[1]: 디렉터리 '/home/jungpin/catkin_ws/build/CMakeFiles/CMakeTmp' 들어감
Building C object CMakeFiles/cmTC_ce098.dir/CheckSymbolExists.c.o
/usr/bin/cc    -o CMakeFiles/cmTC_ce098.dir/CheckSymbolExists.c.o   -c /home/jungpin/catkin_ws/build/CMakeFiles/CMakeTmp/CheckSymbolExists.c
Linking C executable cmTC_ce098
/usr/bin/cmake -E cmake_link_script CMakeFiles/cmTC_ce098.dir/link.txt --verbose=1
/usr/bin/cc      -rdynamic CMakeFiles/cmTC_ce098.dir/CheckSymbolExists.c.o  -o cmTC_ce098 
CMakeFiles/cmTC_ce098.dir/CheckSymbolExists.c.o: In function `main':
CheckSymbolExists.c:(.text+0x1b): undefined reference to `pthread_create'
collect2: error: ld returned 1 exit status
CMakeFiles/cmTC_ce098.dir/build.make:97: recipe for target 'cmTC_ce098' failed
make[1]: *** [cmTC_ce098] Error 1
make[1]: 디렉터리 '/home/jungpin/catkin_ws/build/CMakeFiles/CMakeTmp' 나감
Makefile:126: recipe for target 'cmTC_ce098/fast' failed
make: *** [cmTC_ce098/fast] Error 2

File /home/jungpin/catkin_ws/build/CMakeFiles/CMakeTmp/CheckSymbolExists.c:
/* */
#include <pthread.h>

int main(int argc, char** argv)
{
  (void)argv;
#ifndef pthread_create
  return ((int*)(&pthread_create))[argc];
#else
  (void)argc;
  return 0;
#endif
}

Determining if the function pthread_create exists in the pthreads failed with the following output:
Change Dir: /home/jungpin/catkin_ws/build/CMakeFiles/CMakeTmp

Run Build Command:"/usr/bin/make" "cmTC_60b0f/fast"
/usr/bin/make -f CMakeFiles/cmTC_60b0f.dir/build.make CMakeFiles/cmTC_60b0f.dir/build
make[1]: 디렉터리 '/home/jungpin/catkin_ws/build/CMakeFiles/CMakeTmp' 들어감
Building C object CMakeFiles/cmTC_60b0f.dir/CheckFunctionExists.c.o
/usr/bin/cc   -DCHECK_FUNCTION_EXISTS=pthread_create   -o CMakeFiles/cmTC_60b0f.dir/CheckFunctionExists.c.o   -c /usr/share/cmake-3.10/Modules/CheckFunctionExists.c
Linking C executable cmTC_60b0f
/usr/bin/cmake -E cmake_link_script CMakeFiles/cmTC_60b0f.dir/link.txt --verbose=1
/usr/bin/cc  -DCHECK_FUNCTION_EXISTS=pthread_create    -rdynamic CMakeFiles/cmTC_60b0f.dir/CheckFunctionExists.c.o  -o cmTC_60b0f -lpthreads 
/usr/bin/ld: cannot find -lpthreads
collect2: error: ld returned 1 exit status
CMakeFiles/cmTC_60b0f.dir/build.make:97: recipe for target 'cmTC_60b0f' failed
make[1]: *** [cmTC_60b0f] Error 1
make[1]: 디렉터리 '/home/jungpin/catkin_ws/build/CMakeFiles/CMakeTmp' 나감
Makefile:126: recipe for target 'cmTC_60b0f/fast' failed
make: *** [cmTC_60b0f/fast] Error 2


