[35m[1mScanning dependencies of target _turtlebot3_msgs_generate_messages_check_deps_SetFollowState[0m
[  0%] Built target _turtlebot3_msgs_generate_messages_check_deps_SetFollowState
[35m[1mScanning dependencies of target _turtlebot3_msgs_generate_messages_check_deps_MotorPower[0m
[  0%] Built target _turtlebot3_msgs_generate_messages_check_deps_MotorPower
[35m[1mScanning dependencies of target _turtlebot3_msgs_generate_messages_check_deps_SensorState[0m
[  0%] Built target _turtlebot3_msgs_generate_messages_check_deps_SensorState
[35m[1mScanning dependencies of target std_msgs_generate_messages_eus[0m
[  0%] Built target std_msgs_generate_messages_eus
[35m[1mScanning dependencies of target _turtlebot3_msgs_generate_messages_check_deps_TakePanorama[0m
[  0%] Built target _turtlebot3_msgs_generate_messages_check_deps_TakePanorama
[35m[1mScanning dependencies of target sensor_msgs_generate_messages_eus[0m
[  0%] Built target sensor_msgs_generate_messages_eus
[35m[1mScanning dependencies of target _turtlebot3_msgs_generate_messages_check_deps_PanoramaImg[0m
[  0%] Built target _turtlebot3_msgs_generate_messages_check_deps_PanoramaImg
[35m[1mScanning dependencies of target _turtlebot3_msgs_generate_messages_check_deps_VersionInfo[0m
[  0%] Built target _turtlebot3_msgs_generate_messages_check_deps_VersionInfo
[35m[1mScanning dependencies of target std_msgs_generate_messages_lisp[0m
[  0%] Built target std_msgs_generate_messages_lisp
[35m[1mScanning dependencies of target sensor_msgs_generate_messages_lisp[0m
[  0%] Built target sensor_msgs_generate_messages_lisp
[35m[1mScanning dependencies of target std_msgs_generate_messages_py[0m
[  0%] Built target std_msgs_generate_messages_py
[35m[1mScanning dependencies of target sensor_msgs_generate_messages_py[0m
[  0%] Built target sensor_msgs_generate_messages_py
[35m[1mScanning dependencies of target sensor_msgs_generate_messages_nodejs[0m
[  0%] Built target sensor_msgs_generate_messages_nodejs
[35m[1mScanning dependencies of target std_msgs_generate_messages_nodejs[0m
[  0%] Built target std_msgs_generate_messages_nodejs
[35m[1mScanning dependencies of target sensor_msgs_generate_messages_cpp[0m
[  0%] Built target sensor_msgs_generate_messages_cpp
[35m[1mScanning dependencies of target std_msgs_generate_messages_cpp[0m
[  0%] Built target std_msgs_generate_messages_cpp
[35m[1mScanning dependencies of target turtlebot3_msgs_generate_messages_eus[0m
[  3%] [34m[1mGenerating EusLisp code from turtlebot3_msgs/SensorState.msg[0m
[  6%] [34m[1mGenerating EusLisp code from turtlebot3_msgs/PanoramaImg.msg[0m
[  9%] [34m[1mGenerating EusLisp code from turtlebot3_msgs/MotorPower.msg[0m
[35m[1mScanning dependencies of target turtlebot3_msgs_generate_messages_lisp[0m
[ 12%] [34m[1mGenerating Lisp code from turtlebot3_msgs/SensorState.msg[0m
[ 15%] [34m[1mGenerating EusLisp code from turtlebot3_msgs/VersionInfo.msg[0m
[ 18%] [34m[1mGenerating Lisp code from turtlebot3_msgs/PanoramaImg.msg[0m
[ 21%] [34m[1mGenerating EusLisp code from turtlebot3_msgs/SetFollowState.srv[0m
[ 24%] [34m[1mGenerating Lisp code from turtlebot3_msgs/MotorPower.msg[0m
[ 27%] [34m[1mGenerating Lisp code from turtlebot3_msgs/VersionInfo.msg[0m
[ 30%] [34m[1mGenerating EusLisp code from turtlebot3_msgs/TakePanorama.srv[0m
[ 33%] [34m[1mGenerating Lisp code from turtlebot3_msgs/SetFollowState.srv[0m
[ 36%] [34m[1mGenerating EusLisp manifest code for turtlebot3_msgs[0m
[ 39%] [34m[1mGenerating Lisp code from turtlebot3_msgs/TakePanorama.srv[0m
[ 39%] Built target turtlebot3_msgs_generate_messages_lisp
[35m[1mScanning dependencies of target turtlebot3_msgs_generate_messages_py[0m
[ 42%] [34m[1mGenerating Python from MSG turtlebot3_msgs/SensorState[0m
[ 45%] [34m[1mGenerating Python from MSG turtlebot3_msgs/PanoramaImg[0m
[ 48%] [34m[1mGenerating Python from MSG turtlebot3_msgs/MotorPower[0m
[ 51%] [34m[1mGenerating Python from MSG turtlebot3_msgs/VersionInfo[0m
[ 51%] Built target turtlebot3_msgs_generate_messages_eus
[35m[1mScanning dependencies of target turtlebot3_msgs_generate_messages_nodejs[0m
[ 54%] [34m[1mGenerating Javascript code from turtlebot3_msgs/SensorState.msg[0m
[ 57%] [34m[1mGenerating Javascript code from turtlebot3_msgs/PanoramaImg.msg[0m
[ 60%] [34m[1mGenerating Python code from SRV turtlebot3_msgs/SetFollowState[0m
[ 63%] [34m[1mGenerating Javascript code from turtlebot3_msgs/MotorPower.msg[0m
[ 66%] [34m[1mGenerating Javascript code from turtlebot3_msgs/VersionInfo.msg[0m
[ 69%] [34m[1mGenerating Javascript code from turtlebot3_msgs/SetFollowState.srv[0m
[ 72%] [34m[1mGenerating Python code from SRV turtlebot3_msgs/TakePanorama[0m
[ 75%] [34m[1mGenerating Javascript code from turtlebot3_msgs/TakePanorama.srv[0m
[ 75%] Built target turtlebot3_msgs_generate_messages_nodejs
[35m[1mScanning dependencies of target turtlebot3_msgs_generate_messages_cpp[0m
[ 78%] [34m[1mGenerating C++ code from turtlebot3_msgs/SensorState.msg[0m
[ 81%] [34m[1mGenerating Python msg __init__.py for turtlebot3_msgs[0m
[ 84%] [34m[1mGenerating Python srv __init__.py for turtlebot3_msgs[0m
[ 87%] [34m[1mGenerating C++ code from turtlebot3_msgs/PanoramaImg.msg[0m
[ 87%] Built target turtlebot3_msgs_generate_messages_py
[ 90%] [34m[1mGenerating C++ code from turtlebot3_msgs/MotorPower.msg[0m
[ 93%] [34m[1mGenerating C++ code from turtlebot3_msgs/VersionInfo.msg[0m
[ 96%] [34m[1mGenerating C++ code from turtlebot3_msgs/SetFollowState.srv[0m
[100%] [34m[1mGenerating C++ code from turtlebot3_msgs/TakePanorama.srv[0m
[100%] Built target turtlebot3_msgs_generate_messages_cpp
[35m[1mScanning dependencies of target turtlebot3_msgs_generate_messages[0m
[100%] Built target turtlebot3_msgs_generate_messages
