[  0%] Built target _turtlebot3_msgs_generate_messages_check_deps_SetFollowState
[  0%] Built target std_msgs_generate_messages_eus
[  0%] Built target _turtlebot3_msgs_generate_messages_check_deps_MotorPower
[  0%] Built target _turtlebot3_msgs_generate_messages_check_deps_SensorState
[  0%] Built target _turtlebot3_msgs_generate_messages_check_deps_TakePanorama
[  0%] Built target sensor_msgs_generate_messages_eus
[  0%] Built target std_msgs_generate_messages_lisp
[  0%] Built target _turtlebot3_msgs_generate_messages_check_deps_PanoramaImg
[  0%] Built target sensor_msgs_generate_messages_lisp
[  0%] Built target _turtlebot3_msgs_generate_messages_check_deps_VersionInfo
[  0%] Built target std_msgs_generate_messages_py
[  0%] Built target sensor_msgs_generate_messages_py
[  0%] Built target sensor_msgs_generate_messages_nodejs
[  0%] Built target sensor_msgs_generate_messages_cpp
[  0%] Built target std_msgs_generate_messages_nodejs
[  0%] Built target std_msgs_generate_messages_cpp
[ 21%] Built target turtlebot3_msgs_generate_messages_eus
[ 60%] Built target turtlebot3_msgs_generate_messages_lisp
[ 63%] Built target turtlebot3_msgs_generate_messages_py
[ 81%] Built target turtlebot3_msgs_generate_messages_nodejs
[100%] Built target turtlebot3_msgs_generate_messages_cpp
[100%] Built target turtlebot3_msgs_generate_messages
