Symlinking /home/jungpin/catkin_ws/src/sim_ws/devel/share/common-lisp/ros/turtlebot3_msgs/msg/PanoramaImg.lisp
Symlinking /home/jungpin/catkin_ws/src/sim_ws/devel/share/common-lisp/ros/turtlebot3_msgs/msg/_package_PanoramaImg.lisp
Symlinking /home/jungpin/catkin_ws/src/sim_ws/devel/share/common-lisp/ros/turtlebot3_msgs/msg/VersionInfo.lisp
Symlinking /home/jungpin/catkin_ws/src/sim_ws/devel/share/common-lisp/ros/turtlebot3_msgs/msg/_package_MotorPower.lisp
Symlinking /home/jungpin/catkin_ws/src/sim_ws/devel/share/common-lisp/ros/turtlebot3_msgs/msg/_package_SensorState.lisp
Symlinking /home/jungpin/catkin_ws/src/sim_ws/devel/share/common-lisp/ros/turtlebot3_msgs/msg/MotorPower.lisp
Symlinking /home/jungpin/catkin_ws/src/sim_ws/devel/share/common-lisp/ros/turtlebot3_msgs/msg/SensorState.lisp
Symlinking /home/jungpin/catkin_ws/src/sim_ws/devel/share/common-lisp/ros/turtlebot3_msgs/msg/turtlebot3_msgs-msg.asd
Symlinking /home/jungpin/catkin_ws/src/sim_ws/devel/share/common-lisp/ros/turtlebot3_msgs/msg/_package_VersionInfo.lisp
Symlinking /home/jungpin/catkin_ws/src/sim_ws/devel/share/common-lisp/ros/turtlebot3_msgs/msg/_package.lisp
Symlinking /home/jungpin/catkin_ws/src/sim_ws/devel/share/common-lisp/ros/turtlebot3_msgs/srv/_package_TakePanorama.lisp
Symlinking /home/jungpin/catkin_ws/src/sim_ws/devel/share/common-lisp/ros/turtlebot3_msgs/srv/SetFollowState.lisp
Symlinking /home/jungpin/catkin_ws/src/sim_ws/devel/share/common-lisp/ros/turtlebot3_msgs/srv/turtlebot3_msgs-srv.asd
Symlinking /home/jungpin/catkin_ws/src/sim_ws/devel/share/common-lisp/ros/turtlebot3_msgs/srv/TakePanorama.lisp
Symlinking /home/jungpin/catkin_ws/src/sim_ws/devel/share/common-lisp/ros/turtlebot3_msgs/srv/_package_SetFollowState.lisp
Symlinking /home/jungpin/catkin_ws/src/sim_ws/devel/share/common-lisp/ros/turtlebot3_msgs/srv/_package.lisp
Symlinking /home/jungpin/catkin_ws/src/sim_ws/devel/share/gennodejs/ros/turtlebot3_msgs/_index.js
Symlinking /home/jungpin/catkin_ws/src/sim_ws/devel/share/gennodejs/ros/turtlebot3_msgs/msg/PanoramaImg.js
Symlinking /home/jungpin/catkin_ws/src/sim_ws/devel/share/gennodejs/ros/turtlebot3_msgs/msg/SensorState.js
Symlinking /home/jungpin/catkin_ws/src/sim_ws/devel/share/gennodejs/ros/turtlebot3_msgs/msg/MotorPower.js
Symlinking /home/jungpin/catkin_ws/src/sim_ws/devel/share/gennodejs/ros/turtlebot3_msgs/msg/_index.js
Symlinking /home/jungpin/catkin_ws/src/sim_ws/devel/share/gennodejs/ros/turtlebot3_msgs/msg/VersionInfo.js
Symlinking /home/jungpin/catkin_ws/src/sim_ws/devel/share/gennodejs/ros/turtlebot3_msgs/srv/_index.js
Symlinking /home/jungpin/catkin_ws/src/sim_ws/devel/share/gennodejs/ros/turtlebot3_msgs/srv/TakePanorama.js
Symlinking /home/jungpin/catkin_ws/src/sim_ws/devel/share/gennodejs/ros/turtlebot3_msgs/srv/SetFollowState.js
Symlinking /home/jungpin/catkin_ws/src/sim_ws/devel/share/turtlebot3_msgs/cmake/turtlebot3_msgsConfig-version.cmake
Symlinking /home/jungpin/catkin_ws/src/sim_ws/devel/share/turtlebot3_msgs/cmake/turtlebot3_msgsConfig.cmake
Symlinking /home/jungpin/catkin_ws/src/sim_ws/devel/share/turtlebot3_msgs/cmake/turtlebot3_msgs-msg-paths.cmake
Symlinking /home/jungpin/catkin_ws/src/sim_ws/devel/share/turtlebot3_msgs/cmake/turtlebot3_msgs-msg-extras.cmake
Symlinking /home/jungpin/catkin_ws/src/sim_ws/devel/share/roseus/ros/turtlebot3_msgs/manifest.l
Symlinking /home/jungpin/catkin_ws/src/sim_ws/devel/share/roseus/ros/turtlebot3_msgs/msg/MotorPower.l
Symlinking /home/jungpin/catkin_ws/src/sim_ws/devel/share/roseus/ros/turtlebot3_msgs/msg/SensorState.l
Symlinking /home/jungpin/catkin_ws/src/sim_ws/devel/share/roseus/ros/turtlebot3_msgs/msg/VersionInfo.l
Symlinking /home/jungpin/catkin_ws/src/sim_ws/devel/share/roseus/ros/turtlebot3_msgs/msg/PanoramaImg.l
Symlinking /home/jungpin/catkin_ws/src/sim_ws/devel/share/roseus/ros/turtlebot3_msgs/srv/SetFollowState.l
Symlinking /home/jungpin/catkin_ws/src/sim_ws/devel/share/roseus/ros/turtlebot3_msgs/srv/TakePanorama.l
Symlinking /home/jungpin/catkin_ws/src/sim_ws/devel/lib/python2.7/dist-packages/turtlebot3_msgs/__init__.py
Symlinking /home/jungpin/catkin_ws/src/sim_ws/devel/lib/python2.7/dist-packages/turtlebot3_msgs/msg/_MotorPower.py
Symlinking /home/jungpin/catkin_ws/src/sim_ws/devel/lib/python2.7/dist-packages/turtlebot3_msgs/msg/_PanoramaImg.py
Symlinking /home/jungpin/catkin_ws/src/sim_ws/devel/lib/python2.7/dist-packages/turtlebot3_msgs/msg/_VersionInfo.py
Symlinking /home/jungpin/catkin_ws/src/sim_ws/devel/lib/python2.7/dist-packages/turtlebot3_msgs/msg/_SensorState.py
Symlinking /home/jungpin/catkin_ws/src/sim_ws/devel/lib/python2.7/dist-packages/turtlebot3_msgs/msg/__init__.py
Symlinking /home/jungpin/catkin_ws/src/sim_ws/devel/lib/python2.7/dist-packages/turtlebot3_msgs/srv/_SetFollowState.py
Symlinking /home/jungpin/catkin_ws/src/sim_ws/devel/lib/python2.7/dist-packages/turtlebot3_msgs/srv/__init__.py
Symlinking /home/jungpin/catkin_ws/src/sim_ws/devel/lib/python2.7/dist-packages/turtlebot3_msgs/srv/_TakePanorama.py
Symlinking /home/jungpin/catkin_ws/src/sim_ws/devel/lib/pkgconfig/turtlebot3_msgs.pc
Symlinking /home/jungpin/catkin_ws/src/sim_ws/devel/include/turtlebot3_msgs/TakePanorama.h
Symlinking /home/jungpin/catkin_ws/src/sim_ws/devel/include/turtlebot3_msgs/TakePanoramaResponse.h
Symlinking /home/jungpin/catkin_ws/src/sim_ws/devel/include/turtlebot3_msgs/MotorPower.h
Symlinking /home/jungpin/catkin_ws/src/sim_ws/devel/include/turtlebot3_msgs/SetFollowState.h
Symlinking /home/jungpin/catkin_ws/src/sim_ws/devel/include/turtlebot3_msgs/VersionInfo.h
Symlinking /home/jungpin/catkin_ws/src/sim_ws/devel/include/turtlebot3_msgs/SetFollowStateRequest.h
Symlinking /home/jungpin/catkin_ws/src/sim_ws/devel/include/turtlebot3_msgs/PanoramaImg.h
Symlinking /home/jungpin/catkin_ws/src/sim_ws/devel/include/turtlebot3_msgs/SetFollowStateResponse.h
Symlinking /home/jungpin/catkin_ws/src/sim_ws/devel/include/turtlebot3_msgs/SensorState.h
Symlinking /home/jungpin/catkin_ws/src/sim_ws/devel/include/turtlebot3_msgs/TakePanoramaRequest.h
