Determining if the pthread_create exist failed with the following output:
Change Dir: /home/jungpin/catkin_ws/src/sim_ws/build/husky_navigation_launch/CMakeFiles/CMakeTmp

Run Build Command:"/usr/bin/make" "cmTC_22fa2/fast"
/usr/bin/make -f CMakeFiles/cmTC_22fa2.dir/build.make CMakeFiles/cmTC_22fa2.dir/build
make[1]: 디렉터리 '/home/jungpin/catkin_ws/src/sim_ws/build/husky_navigation_launch/CMakeFiles/CMakeTmp' 들어감
Building C object CMakeFiles/cmTC_22fa2.dir/CheckSymbolExists.c.o
/usr/bin/cc    -o CMakeFiles/cmTC_22fa2.dir/CheckSymbolExists.c.o   -c /home/jungpin/catkin_ws/src/sim_ws/build/husky_navigation_launch/CMakeFiles/CMakeTmp/CheckSymbolExists.c
Linking C executable cmTC_22fa2
/usr/bin/cmake -E cmake_link_script CMakeFiles/cmTC_22fa2.dir/link.txt --verbose=1
/usr/bin/cc      -rdynamic CMakeFiles/cmTC_22fa2.dir/CheckSymbolExists.c.o  -o cmTC_22fa2 
CMakeFiles/cmTC_22fa2.dir/CheckSymbolExists.c.o: In function `main':
CheckSymbolExists.c:(.text+0x1b): undefined reference to `pthread_create'
collect2: error: ld returned 1 exit status
CMakeFiles/cmTC_22fa2.dir/build.make:97: recipe for target 'cmTC_22fa2' failed
make[1]: *** [cmTC_22fa2] Error 1
make[1]: 디렉터리 '/home/jungpin/catkin_ws/src/sim_ws/build/husky_navigation_launch/CMakeFiles/CMakeTmp' 나감
Makefile:126: recipe for target 'cmTC_22fa2/fast' failed
make: *** [cmTC_22fa2/fast] Error 2

File /home/jungpin/catkin_ws/src/sim_ws/build/husky_navigation_launch/CMakeFiles/CMakeTmp/CheckSymbolExists.c:
/* */
#include <pthread.h>

int main(int argc, char** argv)
{
  (void)argv;
#ifndef pthread_create
  return ((int*)(&pthread_create))[argc];
#else
  (void)argc;
  return 0;
#endif
}

Determining if the function pthread_create exists in the pthreads failed with the following output:
Change Dir: /home/jungpin/catkin_ws/src/sim_ws/build/husky_navigation_launch/CMakeFiles/CMakeTmp

Run Build Command:"/usr/bin/make" "cmTC_b6a6d/fast"
/usr/bin/make -f CMakeFiles/cmTC_b6a6d.dir/build.make CMakeFiles/cmTC_b6a6d.dir/build
make[1]: 디렉터리 '/home/jungpin/catkin_ws/src/sim_ws/build/husky_navigation_launch/CMakeFiles/CMakeTmp' 들어감
Building C object CMakeFiles/cmTC_b6a6d.dir/CheckFunctionExists.c.o
/usr/bin/cc   -DCHECK_FUNCTION_EXISTS=pthread_create   -o CMakeFiles/cmTC_b6a6d.dir/CheckFunctionExists.c.o   -c /usr/share/cmake-3.10/Modules/CheckFunctionExists.c
Linking C executable cmTC_b6a6d
/usr/bin/cmake -E cmake_link_script CMakeFiles/cmTC_b6a6d.dir/link.txt --verbose=1
/usr/bin/cc  -DCHECK_FUNCTION_EXISTS=pthread_create    -rdynamic CMakeFiles/cmTC_b6a6d.dir/CheckFunctionExists.c.o  -o cmTC_b6a6d -lpthreads 
/usr/bin/ld: cannot find -lpthreads
collect2: error: ld returned 1 exit status
CMakeFiles/cmTC_b6a6d.dir/build.make:97: recipe for target 'cmTC_b6a6d' failed
make[1]: *** [cmTC_b6a6d] Error 1
make[1]: 디렉터리 '/home/jungpin/catkin_ws/src/sim_ws/build/husky_navigation_launch/CMakeFiles/CMakeTmp' 나감
Makefile:126: recipe for target 'cmTC_b6a6d/fast' failed
make: *** [cmTC_b6a6d/fast] Error 2


