Determining if the pthread_create exist failed with the following output:
Change Dir: /home/jungpin/catkin_ws/src/sim_ws/build/open_manipulator_msgs/CMakeFiles/CMakeTmp

Run Build Command:"/usr/bin/make" "cmTC_96700/fast"
/usr/bin/make -f CMakeFiles/cmTC_96700.dir/build.make CMakeFiles/cmTC_96700.dir/build
make[1]: 디렉터리 '/home/jungpin/catkin_ws/src/sim_ws/build/open_manipulator_msgs/CMakeFiles/CMakeTmp' 들어감
Building C object CMakeFiles/cmTC_96700.dir/CheckSymbolExists.c.o
/usr/bin/cc    -o CMakeFiles/cmTC_96700.dir/CheckSymbolExists.c.o   -c /home/jungpin/catkin_ws/src/sim_ws/build/open_manipulator_msgs/CMakeFiles/CMakeTmp/CheckSymbolExists.c
Linking C executable cmTC_96700
/usr/bin/cmake -E cmake_link_script CMakeFiles/cmTC_96700.dir/link.txt --verbose=1
/usr/bin/cc      -rdynamic CMakeFiles/cmTC_96700.dir/CheckSymbolExists.c.o  -o cmTC_96700 
CMakeFiles/cmTC_96700.dir/CheckSymbolExists.c.o: In function `main':
CheckSymbolExists.c:(.text+0x1b): undefined reference to `pthread_create'
collect2: error: ld returned 1 exit status
CMakeFiles/cmTC_96700.dir/build.make:97: recipe for target 'cmTC_96700' failed
make[1]: *** [cmTC_96700] Error 1
make[1]: 디렉터리 '/home/jungpin/catkin_ws/src/sim_ws/build/open_manipulator_msgs/CMakeFiles/CMakeTmp' 나감
Makefile:126: recipe for target 'cmTC_96700/fast' failed
make: *** [cmTC_96700/fast] Error 2

File /home/jungpin/catkin_ws/src/sim_ws/build/open_manipulator_msgs/CMakeFiles/CMakeTmp/CheckSymbolExists.c:
/* */
#include <pthread.h>

int main(int argc, char** argv)
{
  (void)argv;
#ifndef pthread_create
  return ((int*)(&pthread_create))[argc];
#else
  (void)argc;
  return 0;
#endif
}

Determining if the function pthread_create exists in the pthreads failed with the following output:
Change Dir: /home/jungpin/catkin_ws/src/sim_ws/build/open_manipulator_msgs/CMakeFiles/CMakeTmp

Run Build Command:"/usr/bin/make" "cmTC_23a7c/fast"
/usr/bin/make -f CMakeFiles/cmTC_23a7c.dir/build.make CMakeFiles/cmTC_23a7c.dir/build
make[1]: 디렉터리 '/home/jungpin/catkin_ws/src/sim_ws/build/open_manipulator_msgs/CMakeFiles/CMakeTmp' 들어감
Building C object CMakeFiles/cmTC_23a7c.dir/CheckFunctionExists.c.o
/usr/bin/cc   -DCHECK_FUNCTION_EXISTS=pthread_create   -o CMakeFiles/cmTC_23a7c.dir/CheckFunctionExists.c.o   -c /usr/share/cmake-3.10/Modules/CheckFunctionExists.c
Linking C executable cmTC_23a7c
/usr/bin/cmake -E cmake_link_script CMakeFiles/cmTC_23a7c.dir/link.txt --verbose=1
/usr/bin/cc  -DCHECK_FUNCTION_EXISTS=pthread_create    -rdynamic CMakeFiles/cmTC_23a7c.dir/CheckFunctionExists.c.o  -o cmTC_23a7c -lpthreads 
/usr/bin/ld: cannot find -lpthreads
collect2: error: ld returned 1 exit status
CMakeFiles/cmTC_23a7c.dir/build.make:97: recipe for target 'cmTC_23a7c' failed
make[1]: *** [cmTC_23a7c] Error 1
make[1]: 디렉터리 '/home/jungpin/catkin_ws/src/sim_ws/build/open_manipulator_msgs/CMakeFiles/CMakeTmp' 나감
Makefile:126: recipe for target 'cmTC_23a7c/fast' failed
make: *** [cmTC_23a7c/fast] Error 2


