Determining if the pthread_create exist failed with the following output:
Change Dir: /home/jungpin/catkin_ws/src/sim_ws/build/create_description/CMakeFiles/CMakeTmp

Run Build Command:"/usr/bin/make" "cmTC_42fcb/fast"
/usr/bin/make -f CMakeFiles/cmTC_42fcb.dir/build.make CMakeFiles/cmTC_42fcb.dir/build
make[1]: 디렉터리 '/home/jungpin/catkin_ws/src/sim_ws/build/create_description/CMakeFiles/CMakeTmp' 들어감
Building C object CMakeFiles/cmTC_42fcb.dir/CheckSymbolExists.c.o
/usr/bin/cc    -o CMakeFiles/cmTC_42fcb.dir/CheckSymbolExists.c.o   -c /home/jungpin/catkin_ws/src/sim_ws/build/create_description/CMakeFiles/CMakeTmp/CheckSymbolExists.c
Linking C executable cmTC_42fcb
/usr/bin/cmake -E cmake_link_script CMakeFiles/cmTC_42fcb.dir/link.txt --verbose=1
/usr/bin/cc      -rdynamic CMakeFiles/cmTC_42fcb.dir/CheckSymbolExists.c.o  -o cmTC_42fcb 
CMakeFiles/cmTC_42fcb.dir/CheckSymbolExists.c.o: In function `main':
CheckSymbolExists.c:(.text+0x1b): undefined reference to `pthread_create'
collect2: error: ld returned 1 exit status
CMakeFiles/cmTC_42fcb.dir/build.make:97: recipe for target 'cmTC_42fcb' failed
make[1]: *** [cmTC_42fcb] Error 1
make[1]: 디렉터리 '/home/jungpin/catkin_ws/src/sim_ws/build/create_description/CMakeFiles/CMakeTmp' 나감
Makefile:126: recipe for target 'cmTC_42fcb/fast' failed
make: *** [cmTC_42fcb/fast] Error 2

File /home/jungpin/catkin_ws/src/sim_ws/build/create_description/CMakeFiles/CMakeTmp/CheckSymbolExists.c:
/* */
#include <pthread.h>

int main(int argc, char** argv)
{
  (void)argv;
#ifndef pthread_create
  return ((int*)(&pthread_create))[argc];
#else
  (void)argc;
  return 0;
#endif
}

Determining if the function pthread_create exists in the pthreads failed with the following output:
Change Dir: /home/jungpin/catkin_ws/src/sim_ws/build/create_description/CMakeFiles/CMakeTmp

Run Build Command:"/usr/bin/make" "cmTC_1ee7e/fast"
/usr/bin/make -f CMakeFiles/cmTC_1ee7e.dir/build.make CMakeFiles/cmTC_1ee7e.dir/build
make[1]: 디렉터리 '/home/jungpin/catkin_ws/src/sim_ws/build/create_description/CMakeFiles/CMakeTmp' 들어감
Building C object CMakeFiles/cmTC_1ee7e.dir/CheckFunctionExists.c.o
/usr/bin/cc   -DCHECK_FUNCTION_EXISTS=pthread_create   -o CMakeFiles/cmTC_1ee7e.dir/CheckFunctionExists.c.o   -c /usr/share/cmake-3.10/Modules/CheckFunctionExists.c
Linking C executable cmTC_1ee7e
/usr/bin/cmake -E cmake_link_script CMakeFiles/cmTC_1ee7e.dir/link.txt --verbose=1
/usr/bin/cc  -DCHECK_FUNCTION_EXISTS=pthread_create    -rdynamic CMakeFiles/cmTC_1ee7e.dir/CheckFunctionExists.c.o  -o cmTC_1ee7e -lpthreads 
/usr/bin/ld: cannot find -lpthreads
collect2: error: ld returned 1 exit status
CMakeFiles/cmTC_1ee7e.dir/build.make:97: recipe for target 'cmTC_1ee7e' failed
make[1]: *** [cmTC_1ee7e] Error 1
make[1]: 디렉터리 '/home/jungpin/catkin_ws/src/sim_ws/build/create_description/CMakeFiles/CMakeTmp' 나감
Makefile:126: recipe for target 'cmTC_1ee7e/fast' failed
make: *** [cmTC_1ee7e/fast] Error 2


